[0.523s] DEBUG:colcon:Command line arguments: ['/usr/bin/colcon', 'build', '--packages-select', 'py_pubsub']
[0.523s] DEBUG:colcon:Parsed command line arguments: Namespace(allow_overriding=[], ament_cmake_args=None, base_paths=['.'], build_base='build', catkin_cmake_args=None, catkin_skip_building_tests=False, cmake_args=None, cmake_clean_cache=False, cmake_clean_first=False, cmake_force_configure=False, cmake_target=None, cmake_target_skip_unavailable=False, continue_on_error=False, event_handlers=None, executor='parallel', ignore_user_meta=False, install_base='install', log_base=None, log_level=None, main=<bound method BuildVerb.main of <colcon_core.verb.build.BuildVerb object at 0x7fb7250bc940>>, merge_install=False, metas=['./colcon.meta'], packages_above=None, packages_above_and_dependencies=None, packages_above_depth=None, packages_end=None, packages_ignore=None, packages_ignore_regex=None, packages_select=['py_pubsub'], packages_select_build_failed=False, packages_select_by_dep=None, packages_select_regex=None, packages_select_test_failures=False, packages_skip=None, packages_skip_build_finished=False, packages_skip_by_dep=None, packages_skip_regex=None, packages_skip_test_passed=False, packages_skip_up_to=None, packages_start=None, packages_up_to=None, packages_up_to_regex=None, parallel_workers=8, paths=None, symlink_install=False, test_result_base=None, verb_extension=<colcon_core.verb.build.BuildVerb object at 0x7fb7250bc940>, verb_name='build', verb_parser=<colcon_defaults.argument_parser.defaults.DefaultArgumentsDecorator object at 0x7fb7250bceb0>)
[0.529s] Level 1:colcon.colcon_core.package_discovery:discover_packages(colcon_meta) check parameters
[0.529s] Level 1:colcon.colcon_core.package_discovery:discover_packages(recursive) check parameters
[0.529s] Level 1:colcon.colcon_core.package_discovery:discover_packages(ignore) check parameters
[0.529s] Level 1:colcon.colcon_core.package_discovery:discover_packages(path) check parameters
[0.529s] Level 1:colcon.colcon_core.package_discovery:discover_packages(colcon_meta) discover
[0.529s] Level 1:colcon.colcon_core.package_discovery:discover_packages(recursive) discover
[0.529s] INFO:colcon.colcon_core.package_discovery:Crawling recursively for packages in '/home/pedroportela/Linux/ros'
[0.529s] Level 1:colcon.colcon_core.package_identification:_identify(.) by extensions ['ignore', 'ignore_ament_install']
[0.529s] Level 1:colcon.colcon_core.package_identification:_identify(.) by extension 'ignore'
[0.529s] Level 1:colcon.colcon_core.package_identification:_identify(.) by extension 'ignore_ament_install'
[0.530s] Level 1:colcon.colcon_core.package_identification:_identify(.) by extensions ['colcon_pkg']
[0.530s] Level 1:colcon.colcon_core.package_identification:_identify(.) by extension 'colcon_pkg'
[0.530s] Level 1:colcon.colcon_core.package_identification:_identify(.) by extensions ['colcon_meta']
[0.530s] Level 1:colcon.colcon_core.package_identification:_identify(.) by extension 'colcon_meta'
[0.530s] Level 1:colcon.colcon_core.package_identification:_identify(.) by extensions ['ros']
[0.530s] Level 1:colcon.colcon_core.package_identification:_identify(.) by extension 'ros'
[0.543s] Level 1:colcon.colcon_core.package_identification:_identify(.) by extensions ['cmake', 'python']
[0.543s] Level 1:colcon.colcon_core.package_identification:_identify(.) by extension 'cmake'
[0.543s] Level 1:colcon.colcon_core.package_identification:_identify(.) by extension 'python'
[0.543s] Level 1:colcon.colcon_core.package_identification:_identify(.) by extensions ['python_setup_py']
[0.543s] Level 1:colcon.colcon_core.package_identification:_identify(.) by extension 'python_setup_py'
[0.543s] Level 1:colcon.colcon_core.package_identification:_identify(build) by extensions ['ignore', 'ignore_ament_install']
[0.543s] Level 1:colcon.colcon_core.package_identification:_identify(build) by extension 'ignore'
[0.543s] Level 1:colcon.colcon_core.package_identification:_identify(build) ignored
[0.544s] Level 1:colcon.colcon_core.package_identification:_identify(install) by extensions ['ignore', 'ignore_ament_install']
[0.544s] Level 1:colcon.colcon_core.package_identification:_identify(install) by extension 'ignore'
[0.544s] Level 1:colcon.colcon_core.package_identification:_identify(install) ignored
[0.544s] Level 1:colcon.colcon_core.package_identification:_identify(log) by extensions ['ignore', 'ignore_ament_install']
[0.544s] Level 1:colcon.colcon_core.package_identification:_identify(log) by extension 'ignore'
[0.544s] Level 1:colcon.colcon_core.package_identification:_identify(log) ignored
[0.544s] Level 1:colcon.colcon_core.package_identification:_identify(scr) by extensions ['ignore', 'ignore_ament_install']
[0.544s] Level 1:colcon.colcon_core.package_identification:_identify(scr) by extension 'ignore'
[0.544s] Level 1:colcon.colcon_core.package_identification:_identify(scr) by extension 'ignore_ament_install'
[0.544s] Level 1:colcon.colcon_core.package_identification:_identify(scr) by extensions ['colcon_pkg']
[0.544s] Level 1:colcon.colcon_core.package_identification:_identify(scr) by extension 'colcon_pkg'
[0.544s] Level 1:colcon.colcon_core.package_identification:_identify(scr) by extensions ['colcon_meta']
[0.544s] Level 1:colcon.colcon_core.package_identification:_identify(scr) by extension 'colcon_meta'
[0.544s] Level 1:colcon.colcon_core.package_identification:_identify(scr) by extensions ['ros']
[0.544s] Level 1:colcon.colcon_core.package_identification:_identify(scr) by extension 'ros'
[0.545s] Level 1:colcon.colcon_core.package_identification:_identify(scr) by extensions ['cmake', 'python']
[0.545s] Level 1:colcon.colcon_core.package_identification:_identify(scr) by extension 'cmake'
[0.545s] Level 1:colcon.colcon_core.package_identification:_identify(scr) by extension 'python'
[0.545s] Level 1:colcon.colcon_core.package_identification:_identify(scr) by extensions ['python_setup_py']
[0.545s] Level 1:colcon.colcon_core.package_identification:_identify(scr) by extension 'python_setup_py'
[0.545s] Level 1:colcon.colcon_core.package_identification:_identify(scr/PrimeiroPacote) by extensions ['ignore', 'ignore_ament_install']
[0.545s] Level 1:colcon.colcon_core.package_identification:_identify(scr/PrimeiroPacote) by extension 'ignore'
[0.545s] Level 1:colcon.colcon_core.package_identification:_identify(scr/PrimeiroPacote) by extension 'ignore_ament_install'
[0.545s] Level 1:colcon.colcon_core.package_identification:_identify(scr/PrimeiroPacote) by extensions ['colcon_pkg']
[0.545s] Level 1:colcon.colcon_core.package_identification:_identify(scr/PrimeiroPacote) by extension 'colcon_pkg'
[0.545s] Level 1:colcon.colcon_core.package_identification:_identify(scr/PrimeiroPacote) by extensions ['colcon_meta']
[0.545s] Level 1:colcon.colcon_core.package_identification:_identify(scr/PrimeiroPacote) by extension 'colcon_meta'
[0.545s] Level 1:colcon.colcon_core.package_identification:_identify(scr/PrimeiroPacote) by extensions ['ros']
[0.545s] Level 1:colcon.colcon_core.package_identification:_identify(scr/PrimeiroPacote) by extension 'ros'
[0.548s] DEBUG:colcon.colcon_core.package_identification:Package 'scr/PrimeiroPacote' with type 'ros.ament_python' and name 'PrimeiroPacote'
[0.548s] Level 1:colcon.colcon_core.package_identification:_identify(scr/my_package) by extensions ['ignore', 'ignore_ament_install']
[0.548s] Level 1:colcon.colcon_core.package_identification:_identify(scr/my_package) by extension 'ignore'
[0.548s] Level 1:colcon.colcon_core.package_identification:_identify(scr/my_package) by extension 'ignore_ament_install'
[0.548s] Level 1:colcon.colcon_core.package_identification:_identify(scr/my_package) by extensions ['colcon_pkg']
[0.548s] Level 1:colcon.colcon_core.package_identification:_identify(scr/my_package) by extension 'colcon_pkg'
[0.549s] Level 1:colcon.colcon_core.package_identification:_identify(scr/my_package) by extensions ['colcon_meta']
[0.549s] Level 1:colcon.colcon_core.package_identification:_identify(scr/my_package) by extension 'colcon_meta'
[0.549s] Level 1:colcon.colcon_core.package_identification:_identify(scr/my_package) by extensions ['ros']
[0.549s] Level 1:colcon.colcon_core.package_identification:_identify(scr/my_package) by extension 'ros'
[0.549s] DEBUG:colcon.colcon_core.package_identification:Package 'scr/my_package' with type 'ros.ament_python' and name 'my_package'
[0.549s] Level 1:colcon.colcon_core.package_identification:_identify(scr/py_pubsub) by extensions ['ignore', 'ignore_ament_install']
[0.550s] Level 1:colcon.colcon_core.package_identification:_identify(scr/py_pubsub) by extension 'ignore'
[0.550s] Level 1:colcon.colcon_core.package_identification:_identify(scr/py_pubsub) by extension 'ignore_ament_install'
[0.550s] Level 1:colcon.colcon_core.package_identification:_identify(scr/py_pubsub) by extensions ['colcon_pkg']
[0.550s] Level 1:colcon.colcon_core.package_identification:_identify(scr/py_pubsub) by extension 'colcon_pkg'
[0.550s] Level 1:colcon.colcon_core.package_identification:_identify(scr/py_pubsub) by extensions ['colcon_meta']
[0.550s] Level 1:colcon.colcon_core.package_identification:_identify(scr/py_pubsub) by extension 'colcon_meta'
[0.550s] Level 1:colcon.colcon_core.package_identification:_identify(scr/py_pubsub) by extensions ['ros']
[0.550s] Level 1:colcon.colcon_core.package_identification:_identify(scr/py_pubsub) by extension 'ros'
[0.551s] DEBUG:colcon.colcon_core.package_identification:Package 'scr/py_pubsub' with type 'ros.ament_python' and name 'py_pubsub'
[0.551s] Level 1:colcon.colcon_core.package_identification:_identify(scr/ros_tutorials) by extensions ['ignore', 'ignore_ament_install']
[0.551s] Level 1:colcon.colcon_core.package_identification:_identify(scr/ros_tutorials) by extension 'ignore'
[0.551s] Level 1:colcon.colcon_core.package_identification:_identify(scr/ros_tutorials) by extension 'ignore_ament_install'
[0.551s] Level 1:colcon.colcon_core.package_identification:_identify(scr/ros_tutorials) by extensions ['colcon_pkg']
[0.551s] Level 1:colcon.colcon_core.package_identification:_identify(scr/ros_tutorials) by extension 'colcon_pkg'
[0.551s] Level 1:colcon.colcon_core.package_identification:_identify(scr/ros_tutorials) by extensions ['colcon_meta']
[0.551s] Level 1:colcon.colcon_core.package_identification:_identify(scr/ros_tutorials) by extension 'colcon_meta'
[0.551s] Level 1:colcon.colcon_core.package_identification:_identify(scr/ros_tutorials) by extensions ['ros']
[0.551s] Level 1:colcon.colcon_core.package_identification:_identify(scr/ros_tutorials) by extension 'ros'
[0.551s] Level 1:colcon.colcon_core.package_identification:_identify(scr/ros_tutorials) by extensions ['cmake', 'python']
[0.551s] Level 1:colcon.colcon_core.package_identification:_identify(scr/ros_tutorials) by extension 'cmake'
[0.552s] Level 1:colcon.colcon_core.package_identification:_identify(scr/ros_tutorials) by extension 'python'
[0.552s] Level 1:colcon.colcon_core.package_identification:_identify(scr/ros_tutorials) by extensions ['python_setup_py']
[0.552s] Level 1:colcon.colcon_core.package_identification:_identify(scr/ros_tutorials) by extension 'python_setup_py'
[0.552s] Level 1:colcon.colcon_core.package_identification:_identify(scr/ros_tutorials/ros_tutorials) by extensions ['ignore', 'ignore_ament_install']
[0.552s] Level 1:colcon.colcon_core.package_identification:_identify(scr/ros_tutorials/ros_tutorials) by extension 'ignore'
[0.552s] Level 1:colcon.colcon_core.package_identification:_identify(scr/ros_tutorials/ros_tutorials) ignored
[0.552s] Level 1:colcon.colcon_core.package_identification:_identify(scr/ros_tutorials/roscpp_tutorials) by extensions ['ignore', 'ignore_ament_install']
[0.552s] Level 1:colcon.colcon_core.package_identification:_identify(scr/ros_tutorials/roscpp_tutorials) by extension 'ignore'
[0.552s] Level 1:colcon.colcon_core.package_identification:_identify(scr/ros_tutorials/roscpp_tutorials) ignored
[0.552s] Level 1:colcon.colcon_core.package_identification:_identify(scr/ros_tutorials/rospy_tutorials) by extensions ['ignore', 'ignore_ament_install']
[0.552s] Level 1:colcon.colcon_core.package_identification:_identify(scr/ros_tutorials/rospy_tutorials) by extension 'ignore'
[0.552s] Level 1:colcon.colcon_core.package_identification:_identify(scr/ros_tutorials/rospy_tutorials) ignored
[0.553s] Level 1:colcon.colcon_core.package_identification:_identify(scr/ros_tutorials/turtlesim) by extensions ['ignore', 'ignore_ament_install']
[0.553s] Level 1:colcon.colcon_core.package_identification:_identify(scr/ros_tutorials/turtlesim) by extension 'ignore'
[0.553s] Level 1:colcon.colcon_core.package_identification:_identify(scr/ros_tutorials/turtlesim) by extension 'ignore_ament_install'
[0.553s] Level 1:colcon.colcon_core.package_identification:_identify(scr/ros_tutorials/turtlesim) by extensions ['colcon_pkg']
[0.553s] Level 1:colcon.colcon_core.package_identification:_identify(scr/ros_tutorials/turtlesim) by extension 'colcon_pkg'
[0.553s] Level 1:colcon.colcon_core.package_identification:_identify(scr/ros_tutorials/turtlesim) by extensions ['colcon_meta']
[0.553s] Level 1:colcon.colcon_core.package_identification:_identify(scr/ros_tutorials/turtlesim) by extension 'colcon_meta'
[0.553s] Level 1:colcon.colcon_core.package_identification:_identify(scr/ros_tutorials/turtlesim) by extensions ['ros']
[0.553s] Level 1:colcon.colcon_core.package_identification:_identify(scr/ros_tutorials/turtlesim) by extension 'ros'
[0.554s] DEBUG:colcon.colcon_core.package_identification:Package 'scr/ros_tutorials/turtlesim' with type 'ros.ament_cmake' and name 'turtlesim'
[0.554s] Level 1:colcon.colcon_core.package_discovery:discover_packages(recursive) using defaults
[0.554s] Level 1:colcon.colcon_core.package_discovery:discover_packages(ignore) discover
[0.554s] Level 1:colcon.colcon_core.package_discovery:discover_packages(ignore) using defaults
[0.554s] Level 1:colcon.colcon_core.package_discovery:discover_packages(path) discover
[0.554s] Level 1:colcon.colcon_core.package_discovery:discover_packages(path) using defaults
[0.573s] INFO:colcon.colcon_core.package_selection:Skipping not selected package 'PrimeiroPacote' in 'scr/PrimeiroPacote'
[0.573s] INFO:colcon.colcon_core.package_selection:Skipping not selected package 'my_package' in 'scr/my_package'
[0.574s] INFO:colcon.colcon_core.package_selection:Skipping not selected package 'turtlesim' in 'scr/ros_tutorials/turtlesim'
[0.574s] Level 5:colcon.colcon_core.verb:set package 'py_pubsub' build argument 'cmake_args' from command line to 'None'
[0.574s] Level 5:colcon.colcon_core.verb:set package 'py_pubsub' build argument 'cmake_target' from command line to 'None'
[0.574s] Level 5:colcon.colcon_core.verb:set package 'py_pubsub' build argument 'cmake_target_skip_unavailable' from command line to 'False'
[0.574s] Level 5:colcon.colcon_core.verb:set package 'py_pubsub' build argument 'cmake_clean_cache' from command line to 'False'
[0.574s] Level 5:colcon.colcon_core.verb:set package 'py_pubsub' build argument 'cmake_clean_first' from command line to 'False'
[0.574s] Level 5:colcon.colcon_core.verb:set package 'py_pubsub' build argument 'cmake_force_configure' from command line to 'False'
[0.574s] Level 5:colcon.colcon_core.verb:set package 'py_pubsub' build argument 'ament_cmake_args' from command line to 'None'
[0.574s] Level 5:colcon.colcon_core.verb:set package 'py_pubsub' build argument 'catkin_cmake_args' from command line to 'None'
[0.574s] Level 5:colcon.colcon_core.verb:set package 'py_pubsub' build argument 'catkin_skip_building_tests' from command line to 'False'
[0.575s] DEBUG:colcon.colcon_core.verb:Building package 'py_pubsub' with the following arguments: {'ament_cmake_args': None, 'build_base': '/home/pedroportela/Linux/ros/build/py_pubsub', 'catkin_cmake_args': None, 'catkin_skip_building_tests': False, 'cmake_args': None, 'cmake_clean_cache': False, 'cmake_clean_first': False, 'cmake_force_configure': False, 'cmake_target': None, 'cmake_target_skip_unavailable': False, 'install_base': '/home/pedroportela/Linux/ros/install/py_pubsub', 'merge_install': False, 'path': '/home/pedroportela/Linux/ros/scr/py_pubsub', 'symlink_install': False, 'test_result_base': None}
[0.578s] INFO:colcon.colcon_core.executor:Executing jobs using 'parallel' executor
[0.580s] DEBUG:colcon.colcon_parallel_executor.executor.parallel:run_until_complete
[0.581s] INFO:colcon.colcon_ros.task.ament_python.build:Building ROS package in '/home/pedroportela/Linux/ros/scr/py_pubsub' with build type 'ament_python'
[0.581s] Level 1:colcon.colcon_core.shell:create_environment_hook('py_pubsub', 'ament_prefix_path')
[0.585s] INFO:colcon.colcon_core.plugin_system:Skipping extension 'colcon_core.shell.bat': Not used on non-Windows systems
[0.586s] INFO:colcon.colcon_core.shell:Creating environment hook '/home/pedroportela/Linux/ros/install/py_pubsub/share/py_pubsub/hook/ament_prefix_path.ps1'
[0.586s] INFO:colcon.colcon_core.shell:Creating environment descriptor '/home/pedroportela/Linux/ros/install/py_pubsub/share/py_pubsub/hook/ament_prefix_path.dsv'
[0.587s] INFO:colcon.colcon_core.shell:Creating environment hook '/home/pedroportela/Linux/ros/install/py_pubsub/share/py_pubsub/hook/ament_prefix_path.sh'
[0.588s] INFO:colcon.colcon_core.shell:Skip shell extension 'powershell' for command environment: Not usable outside of PowerShell
[0.588s] DEBUG:colcon.colcon_core.shell:Skip shell extension 'dsv' for command environment
[0.839s] INFO:colcon.colcon_core.task.python.build:Building Python package in '/home/pedroportela/Linux/ros/scr/py_pubsub'
[0.840s] INFO:colcon.colcon_core.shell:Skip shell extension 'powershell' for command environment: Not usable outside of PowerShell
[0.840s] DEBUG:colcon.colcon_core.shell:Skip shell extension 'dsv' for command environment
[1.286s] DEBUG:colcon.colcon_core.event_handler.log_command:Invoking command in '/home/pedroportela/Linux/ros/scr/py_pubsub': PYTHONPATH=/home/pedroportela/Linux/ros/install/py_pubsub/lib/python3.8/site-packages:${PYTHONPATH} /usr/bin/python3 setup.py egg_info --egg-base ../../build/py_pubsub build --build-base /home/pedroportela/Linux/ros/build/py_pubsub/build install --prefix /home/pedroportela/Linux/ros/install/py_pubsub --record /home/pedroportela/Linux/ros/build/py_pubsub/install.log --single-version-externally-managed
[1.589s] DEBUG:colcon.colcon_core.event_handler.log_command:Invoked command in '/home/pedroportela/Linux/ros/scr/py_pubsub' returned '0': PYTHONPATH=/home/pedroportela/Linux/ros/install/py_pubsub/lib/python3.8/site-packages:${PYTHONPATH} /usr/bin/python3 setup.py egg_info --egg-base ../../build/py_pubsub build --build-base /home/pedroportela/Linux/ros/build/py_pubsub/build install --prefix /home/pedroportela/Linux/ros/install/py_pubsub --record /home/pedroportela/Linux/ros/build/py_pubsub/install.log --single-version-externally-managed
[1.594s] Level 1:colcon.colcon_core.environment:checking '/home/pedroportela/Linux/ros/install/py_pubsub' for CMake module files
[1.594s] Level 1:colcon.colcon_core.environment:checking '/home/pedroportela/Linux/ros/install/py_pubsub' for CMake config files
[1.595s] Level 1:colcon.colcon_core.environment:checking '/home/pedroportela/Linux/ros/install/py_pubsub/lib'
[1.595s] Level 1:colcon.colcon_core.environment:checking '/home/pedroportela/Linux/ros/install/py_pubsub/bin'
[1.595s] Level 1:colcon.colcon_core.environment:checking '/home/pedroportela/Linux/ros/install/py_pubsub/lib/pkgconfig/py_pubsub.pc'
[1.595s] Level 1:colcon.colcon_core.environment:checking '/home/pedroportela/Linux/ros/install/py_pubsub/lib/python3.8/site-packages'
[1.595s] Level 1:colcon.colcon_core.shell:create_environment_hook('py_pubsub', 'pythonpath')
[1.596s] INFO:colcon.colcon_core.shell:Creating environment hook '/home/pedroportela/Linux/ros/install/py_pubsub/share/py_pubsub/hook/pythonpath.ps1'
[1.597s] INFO:colcon.colcon_core.shell:Creating environment descriptor '/home/pedroportela/Linux/ros/install/py_pubsub/share/py_pubsub/hook/pythonpath.dsv'
[1.597s] INFO:colcon.colcon_core.shell:Creating environment hook '/home/pedroportela/Linux/ros/install/py_pubsub/share/py_pubsub/hook/pythonpath.sh'
[1.598s] Level 1:colcon.colcon_core.environment:create_environment_scripts_only(py_pubsub)
[1.599s] INFO:colcon.colcon_core.shell:Creating package script '/home/pedroportela/Linux/ros/install/py_pubsub/share/py_pubsub/package.ps1'
[1.600s] INFO:colcon.colcon_core.shell:Creating package descriptor '/home/pedroportela/Linux/ros/install/py_pubsub/share/py_pubsub/package.dsv'
[1.601s] INFO:colcon.colcon_core.shell:Creating package script '/home/pedroportela/Linux/ros/install/py_pubsub/share/py_pubsub/package.sh'
[1.601s] INFO:colcon.colcon_core.shell:Creating package script '/home/pedroportela/Linux/ros/install/py_pubsub/share/py_pubsub/package.bash'
[1.602s] INFO:colcon.colcon_core.shell:Creating package script '/home/pedroportela/Linux/ros/install/py_pubsub/share/py_pubsub/package.zsh'
[1.603s] Level 1:colcon.colcon_core.environment:create_file_with_runtime_dependencies(/home/pedroportela/Linux/ros/install/py_pubsub/share/colcon-core/packages/py_pubsub)
[1.604s] DEBUG:colcon.colcon_parallel_executor.executor.parallel:closing loop
[1.604s] DEBUG:colcon.colcon_parallel_executor.executor.parallel:loop closed
[1.605s] DEBUG:colcon.colcon_parallel_executor.executor.parallel:run_until_complete finished with '0'
[1.605s] DEBUG:colcon.colcon_core.event_reactor:joining thread
[1.726s] INFO:colcon.colcon_core.plugin_system:Skipping extension 'colcon_notification.desktop_notification.notify_send': Could not find 'notify-send'
[1.726s] INFO:colcon.colcon_core.plugin_system:Skipping extension 'colcon_notification.desktop_notification.terminal_notifier': Not used on non-Darwin systems
[1.727s] INFO:colcon.colcon_core.plugin_system:Skipping extension 'colcon_notification.desktop_notification.win32': Not used on non-Windows systems
[1.727s] INFO:colcon.colcon_notification.desktop_notification:Sending desktop notification using 'notify2'
[1.743s] DEBUG:colcon.colcon_notification.desktop_notification.notify2:Failed to initialize notify2: org.freedesktop.DBus.Error.ServiceUnknown: The name org.freedesktop.Notifications was not provided by any .service files
[1.744s] DEBUG:colcon.colcon_core.event_reactor:joined thread
[1.745s] INFO:colcon.colcon_core.shell:Creating prefix script '/home/pedroportela/Linux/ros/install/local_setup.ps1'
[1.747s] INFO:colcon.colcon_core.shell:Creating prefix util module '/home/pedroportela/Linux/ros/install/_local_setup_util_ps1.py'
[1.749s] INFO:colcon.colcon_core.shell:Creating prefix chain script '/home/pedroportela/Linux/ros/install/setup.ps1'
[1.750s] INFO:colcon.colcon_core.shell:Creating prefix script '/home/pedroportela/Linux/ros/install/local_setup.sh'
[1.751s] INFO:colcon.colcon_core.shell:Creating prefix util module '/home/pedroportela/Linux/ros/install/_local_setup_util_sh.py'
[1.752s] INFO:colcon.colcon_core.shell:Creating prefix chain script '/home/pedroportela/Linux/ros/install/setup.sh'
[1.753s] INFO:colcon.colcon_core.shell:Creating prefix script '/home/pedroportela/Linux/ros/install/local_setup.bash'
[1.754s] INFO:colcon.colcon_core.shell:Creating prefix chain script '/home/pedroportela/Linux/ros/install/setup.bash'
[1.755s] INFO:colcon.colcon_core.shell:Creating prefix script '/home/pedroportela/Linux/ros/install/local_setup.zsh'
[1.756s] INFO:colcon.colcon_core.shell:Creating prefix chain script '/home/pedroportela/Linux/ros/install/setup.zsh'
