[0.991s] Invoking command in '/home/pedroportela/Linux/ros/scr/my_package': PYTHONPATH=/home/pedroportela/Linux/ros/install/my_package/lib/python3.8/site-packages:${PYTHONPATH} /usr/bin/python3 setup.py egg_info --egg-base ../../build/my_package build --build-base /home/pedroportela/Linux/ros/build/my_package/build install --prefix /home/pedroportela/Linux/ros/install/my_package --record /home/pedroportela/Linux/ros/build/my_package/install.log --single-version-externally-managed
[1.179s] running egg_info
[1.180s] creating ../../build/my_package/my_package.egg-info
[1.180s] writing ../../build/my_package/my_package.egg-info/PKG-INFO
[1.180s] writing dependency_links to ../../build/my_package/my_package.egg-info/dependency_links.txt
[1.180s] writing entry points to ../../build/my_package/my_package.egg-info/entry_points.txt
[1.181s] writing requirements to ../../build/my_package/my_package.egg-info/requires.txt
[1.181s] writing top-level names to ../../build/my_package/my_package.egg-info/top_level.txt
[1.185s] writing manifest file '../../build/my_package/my_package.egg-info/SOURCES.txt'
[1.216s] reading manifest file '../../build/my_package/my_package.egg-info/SOURCES.txt'
[1.216s] writing manifest file '../../build/my_package/my_package.egg-info/SOURCES.txt'
[1.217s] running build
[1.217s] running build_py
[1.217s] creating /home/pedroportela/Linux/ros/build/my_package/build
[1.217s] creating /home/pedroportela/Linux/ros/build/my_package/build/lib
[1.217s] creating /home/pedroportela/Linux/ros/build/my_package/build/lib/my_package
[1.217s] copying my_package/my_node.py -> /home/pedroportela/Linux/ros/build/my_package/build/lib/my_package
[1.217s] copying my_package/__init__.py -> /home/pedroportela/Linux/ros/build/my_package/build/lib/my_package
[1.218s] running install
[1.218s] running install_lib
[1.220s] creating /home/pedroportela/Linux/ros/install/my_package/lib/python3.8/site-packages/my_package
[1.220s] copying /home/pedroportela/Linux/ros/build/my_package/build/lib/my_package/my_node.py -> /home/pedroportela/Linux/ros/install/my_package/lib/python3.8/site-packages/my_package
[1.221s] copying /home/pedroportela/Linux/ros/build/my_package/build/lib/my_package/__init__.py -> /home/pedroportela/Linux/ros/install/my_package/lib/python3.8/site-packages/my_package
[1.222s] byte-compiling /home/pedroportela/Linux/ros/install/my_package/lib/python3.8/site-packages/my_package/my_node.py to my_node.cpython-38.pyc
[1.223s] byte-compiling /home/pedroportela/Linux/ros/install/my_package/lib/python3.8/site-packages/my_package/__init__.py to __init__.cpython-38.pyc
[1.223s] running install_data
[1.223s] creating /home/pedroportela/Linux/ros/install/my_package/share/ament_index
[1.223s] creating /home/pedroportela/Linux/ros/install/my_package/share/ament_index/resource_index
[1.224s] creating /home/pedroportela/Linux/ros/install/my_package/share/ament_index/resource_index/packages
[1.224s] copying resource/my_package -> /home/pedroportela/Linux/ros/install/my_package/share/ament_index/resource_index/packages
[1.224s] copying package.xml -> /home/pedroportela/Linux/ros/install/my_package/share/my_package
[1.224s] running install_egg_info
[1.225s] Copying ../../build/my_package/my_package.egg-info to /home/pedroportela/Linux/ros/install/my_package/lib/python3.8/site-packages/my_package-0.0.0-py3.8.egg-info
[1.225s] running install_scripts
[1.241s] Installing my_node script to /home/pedroportela/Linux/ros/install/my_package/lib/my_package
[1.242s] writing list of installed files to '/home/pedroportela/Linux/ros/build/my_package/install.log'
[1.270s] Invoked command in '/home/pedroportela/Linux/ros/scr/my_package' returned '0': PYTHONPATH=/home/pedroportela/Linux/ros/install/my_package/lib/python3.8/site-packages:${PYTHONPATH} /usr/bin/python3 setup.py egg_info --egg-base ../../build/my_package build --build-base /home/pedroportela/Linux/ros/build/my_package/build install --prefix /home/pedroportela/Linux/ros/install/my_package --record /home/pedroportela/Linux/ros/build/my_package/install.log --single-version-externally-managed
