[0.778s] DEBUG:colcon:Command line arguments: ['/usr/bin/colcon', 'build', '--packages-select', 'py_pubsub']
[0.778s] DEBUG:colcon:Parsed command line arguments: Namespace(allow_overriding=[], ament_cmake_args=None, base_paths=['.'], build_base='build', catkin_cmake_args=None, catkin_skip_building_tests=False, cmake_args=None, cmake_clean_cache=False, cmake_clean_first=False, cmake_force_configure=False, cmake_target=None, cmake_target_skip_unavailable=False, continue_on_error=False, event_handlers=None, executor='parallel', ignore_user_meta=False, install_base='install', log_base=None, log_level=None, main=<bound method BuildVerb.main of <colcon_core.verb.build.BuildVerb object at 0x7fdfa5bcf6d0>>, merge_install=False, metas=['./colcon.meta'], packages_above=None, packages_above_and_dependencies=None, packages_above_depth=None, packages_end=None, packages_ignore=None, packages_ignore_regex=None, packages_select=['py_pubsub'], packages_select_build_failed=False, packages_select_by_dep=None, packages_select_regex=None, packages_select_test_failures=False, packages_skip=None, packages_skip_build_finished=False, packages_skip_by_dep=None, packages_skip_regex=None, packages_skip_test_passed=False, packages_skip_up_to=None, packages_start=None, packages_up_to=None, packages_up_to_regex=None, parallel_workers=8, paths=None, symlink_install=False, test_result_base=None, verb_extension=<colcon_core.verb.build.BuildVerb object at 0x7fdfa5bcf6d0>, verb_name='build', verb_parser=<colcon_defaults.argument_parser.defaults.DefaultArgumentsDecorator object at 0x7fdfa5bcfc10>)
[0.805s] Level 1:colcon.colcon_core.package_discovery:discover_packages(colcon_meta) check parameters
[0.805s] Level 1:colcon.colcon_core.package_discovery:discover_packages(recursive) check parameters
[0.805s] Level 1:colcon.colcon_core.package_discovery:discover_packages(ignore) check parameters
[0.806s] Level 1:colcon.colcon_core.package_discovery:discover_packages(path) check parameters
[0.806s] Level 1:colcon.colcon_core.package_discovery:discover_packages(colcon_meta) discover
[0.806s] Level 1:colcon.colcon_core.package_discovery:discover_packages(recursive) discover
[0.806s] INFO:colcon.colcon_core.package_discovery:Crawling recursively for packages in '/home/pedroportela/Linux/ros'
[0.806s] Level 1:colcon.colcon_core.package_identification:_identify(.) by extensions ['ignore', 'ignore_ament_install']
[0.807s] Level 1:colcon.colcon_core.package_identification:_identify(.) by extension 'ignore'
[0.807s] Level 1:colcon.colcon_core.package_identification:_identify(.) by extension 'ignore_ament_install'
[0.807s] Level 1:colcon.colcon_core.package_identification:_identify(.) by extensions ['colcon_pkg']
[0.807s] Level 1:colcon.colcon_core.package_identification:_identify(.) by extension 'colcon_pkg'
[0.808s] Level 1:colcon.colcon_core.package_identification:_identify(.) by extensions ['colcon_meta']
[0.808s] Level 1:colcon.colcon_core.package_identification:_identify(.) by extension 'colcon_meta'
[0.808s] Level 1:colcon.colcon_core.package_identification:_identify(.) by extensions ['ros']
[0.808s] Level 1:colcon.colcon_core.package_identification:_identify(.) by extension 'ros'
[0.826s] Level 1:colcon.colcon_core.package_identification:_identify(.) by extensions ['cmake', 'python']
[0.826s] Level 1:colcon.colcon_core.package_identification:_identify(.) by extension 'cmake'
[0.826s] Level 1:colcon.colcon_core.package_identification:_identify(.) by extension 'python'
[0.826s] Level 1:colcon.colcon_core.package_identification:_identify(.) by extensions ['python_setup_py']
[0.826s] Level 1:colcon.colcon_core.package_identification:_identify(.) by extension 'python_setup_py'
[0.826s] Level 1:colcon.colcon_core.package_identification:_identify(build) by extensions ['ignore', 'ignore_ament_install']
[0.826s] Level 1:colcon.colcon_core.package_identification:_identify(build) by extension 'ignore'
[0.826s] Level 1:colcon.colcon_core.package_identification:_identify(build) ignored
[0.827s] Level 1:colcon.colcon_core.package_identification:_identify(install) by extensions ['ignore', 'ignore_ament_install']
[0.827s] Level 1:colcon.colcon_core.package_identification:_identify(install) by extension 'ignore'
[0.827s] Level 1:colcon.colcon_core.package_identification:_identify(install) ignored
[0.827s] Level 1:colcon.colcon_core.package_identification:_identify(log) by extensions ['ignore', 'ignore_ament_install']
[0.827s] Level 1:colcon.colcon_core.package_identification:_identify(log) by extension 'ignore'
[0.827s] Level 1:colcon.colcon_core.package_identification:_identify(log) ignored
[0.827s] Level 1:colcon.colcon_core.package_identification:_identify(scr) by extensions ['ignore', 'ignore_ament_install']
[0.828s] Level 1:colcon.colcon_core.package_identification:_identify(scr) by extension 'ignore'
[0.828s] Level 1:colcon.colcon_core.package_identification:_identify(scr) by extension 'ignore_ament_install'
[0.828s] Level 1:colcon.colcon_core.package_identification:_identify(scr) by extensions ['colcon_pkg']
[0.828s] Level 1:colcon.colcon_core.package_identification:_identify(scr) by extension 'colcon_pkg'
[0.828s] Level 1:colcon.colcon_core.package_identification:_identify(scr) by extensions ['colcon_meta']
[0.828s] Level 1:colcon.colcon_core.package_identification:_identify(scr) by extension 'colcon_meta'
[0.828s] Level 1:colcon.colcon_core.package_identification:_identify(scr) by extensions ['ros']
[0.828s] Level 1:colcon.colcon_core.package_identification:_identify(scr) by extension 'ros'
[0.828s] Level 1:colcon.colcon_core.package_identification:_identify(scr) by extensions ['cmake', 'python']
[0.828s] Level 1:colcon.colcon_core.package_identification:_identify(scr) by extension 'cmake'
[0.828s] Level 1:colcon.colcon_core.package_identification:_identify(scr) by extension 'python'
[0.828s] Level 1:colcon.colcon_core.package_identification:_identify(scr) by extensions ['python_setup_py']
[0.828s] Level 1:colcon.colcon_core.package_identification:_identify(scr) by extension 'python_setup_py'
[0.829s] Level 1:colcon.colcon_core.package_identification:_identify(scr/PrimeiroPacote) by extensions ['ignore', 'ignore_ament_install']
[0.829s] Level 1:colcon.colcon_core.package_identification:_identify(scr/PrimeiroPacote) by extension 'ignore'
[0.829s] Level 1:colcon.colcon_core.package_identification:_identify(scr/PrimeiroPacote) by extension 'ignore_ament_install'
[0.829s] Level 1:colcon.colcon_core.package_identification:_identify(scr/PrimeiroPacote) by extensions ['colcon_pkg']
[0.829s] Level 1:colcon.colcon_core.package_identification:_identify(scr/PrimeiroPacote) by extension 'colcon_pkg'
[0.829s] Level 1:colcon.colcon_core.package_identification:_identify(scr/PrimeiroPacote) by extensions ['colcon_meta']
[0.829s] Level 1:colcon.colcon_core.package_identification:_identify(scr/PrimeiroPacote) by extension 'colcon_meta'
[0.829s] Level 1:colcon.colcon_core.package_identification:_identify(scr/PrimeiroPacote) by extensions ['ros']
[0.829s] Level 1:colcon.colcon_core.package_identification:_identify(scr/PrimeiroPacote) by extension 'ros'
[0.834s] DEBUG:colcon.colcon_core.package_identification:Package 'scr/PrimeiroPacote' with type 'ros.ament_python' and name 'PrimeiroPacote'
[0.835s] Level 1:colcon.colcon_core.package_identification:_identify(scr/my_package) by extensions ['ignore', 'ignore_ament_install']
[0.835s] Level 1:colcon.colcon_core.package_identification:_identify(scr/my_package) by extension 'ignore'
[0.835s] Level 1:colcon.colcon_core.package_identification:_identify(scr/my_package) by extension 'ignore_ament_install'
[0.835s] Level 1:colcon.colcon_core.package_identification:_identify(scr/my_package) by extensions ['colcon_pkg']
[0.835s] Level 1:colcon.colcon_core.package_identification:_identify(scr/my_package) by extension 'colcon_pkg'
[0.835s] Level 1:colcon.colcon_core.package_identification:_identify(scr/my_package) by extensions ['colcon_meta']
[0.836s] Level 1:colcon.colcon_core.package_identification:_identify(scr/my_package) by extension 'colcon_meta'
[0.836s] Level 1:colcon.colcon_core.package_identification:_identify(scr/my_package) by extensions ['ros']
[0.836s] Level 1:colcon.colcon_core.package_identification:_identify(scr/my_package) by extension 'ros'
[0.837s] DEBUG:colcon.colcon_core.package_identification:Package 'scr/my_package' with type 'ros.ament_python' and name 'my_package'
[0.837s] Level 1:colcon.colcon_core.package_identification:_identify(scr/py_pubsub) by extensions ['ignore', 'ignore_ament_install']
[0.837s] Level 1:colcon.colcon_core.package_identification:_identify(scr/py_pubsub) by extension 'ignore'
[0.838s] Level 1:colcon.colcon_core.package_identification:_identify(scr/py_pubsub) by extension 'ignore_ament_install'
[0.838s] Level 1:colcon.colcon_core.package_identification:_identify(scr/py_pubsub) by extensions ['colcon_pkg']
[0.838s] Level 1:colcon.colcon_core.package_identification:_identify(scr/py_pubsub) by extension 'colcon_pkg'
[0.838s] Level 1:colcon.colcon_core.package_identification:_identify(scr/py_pubsub) by extensions ['colcon_meta']
[0.838s] Level 1:colcon.colcon_core.package_identification:_identify(scr/py_pubsub) by extension 'colcon_meta'
[0.838s] Level 1:colcon.colcon_core.package_identification:_identify(scr/py_pubsub) by extensions ['ros']
[0.838s] Level 1:colcon.colcon_core.package_identification:_identify(scr/py_pubsub) by extension 'ros'
[0.838s] DEBUG:colcon.colcon_core.package_identification:Package 'scr/py_pubsub' with type 'ros.ament_python' and name 'py_pubsub'
[0.839s] Level 1:colcon.colcon_core.package_identification:_identify(scr/ros_tutorials) by extensions ['ignore', 'ignore_ament_install']
[0.839s] Level 1:colcon.colcon_core.package_identification:_identify(scr/ros_tutorials) by extension 'ignore'
[0.839s] Level 1:colcon.colcon_core.package_identification:_identify(scr/ros_tutorials) by extension 'ignore_ament_install'
[0.839s] Level 1:colcon.colcon_core.package_identification:_identify(scr/ros_tutorials) by extensions ['colcon_pkg']
[0.839s] Level 1:colcon.colcon_core.package_identification:_identify(scr/ros_tutorials) by extension 'colcon_pkg'
[0.839s] Level 1:colcon.colcon_core.package_identification:_identify(scr/ros_tutorials) by extensions ['colcon_meta']
[0.839s] Level 1:colcon.colcon_core.package_identification:_identify(scr/ros_tutorials) by extension 'colcon_meta'
[0.839s] Level 1:colcon.colcon_core.package_identification:_identify(scr/ros_tutorials) by extensions ['ros']
[0.839s] Level 1:colcon.colcon_core.package_identification:_identify(scr/ros_tutorials) by extension 'ros'
[0.839s] Level 1:colcon.colcon_core.package_identification:_identify(scr/ros_tutorials) by extensions ['cmake', 'python']
[0.839s] Level 1:colcon.colcon_core.package_identification:_identify(scr/ros_tutorials) by extension 'cmake'
[0.839s] Level 1:colcon.colcon_core.package_identification:_identify(scr/ros_tutorials) by extension 'python'
[0.839s] Level 1:colcon.colcon_core.package_identification:_identify(scr/ros_tutorials) by extensions ['python_setup_py']
[0.840s] Level 1:colcon.colcon_core.package_identification:_identify(scr/ros_tutorials) by extension 'python_setup_py'
[0.840s] Level 1:colcon.colcon_core.package_identification:_identify(scr/ros_tutorials/ros_tutorials) by extensions ['ignore', 'ignore_ament_install']
[0.840s] Level 1:colcon.colcon_core.package_identification:_identify(scr/ros_tutorials/ros_tutorials) by extension 'ignore'
[0.840s] Level 1:colcon.colcon_core.package_identification:_identify(scr/ros_tutorials/ros_tutorials) ignored
[0.840s] Level 1:colcon.colcon_core.package_identification:_identify(scr/ros_tutorials/roscpp_tutorials) by extensions ['ignore', 'ignore_ament_install']
[0.840s] Level 1:colcon.colcon_core.package_identification:_identify(scr/ros_tutorials/roscpp_tutorials) by extension 'ignore'
[0.840s] Level 1:colcon.colcon_core.package_identification:_identify(scr/ros_tutorials/roscpp_tutorials) ignored
[0.840s] Level 1:colcon.colcon_core.package_identification:_identify(scr/ros_tutorials/rospy_tutorials) by extensions ['ignore', 'ignore_ament_install']
[0.840s] Level 1:colcon.colcon_core.package_identification:_identify(scr/ros_tutorials/rospy_tutorials) by extension 'ignore'
[0.841s] Level 1:colcon.colcon_core.package_identification:_identify(scr/ros_tutorials/rospy_tutorials) ignored
[0.841s] Level 1:colcon.colcon_core.package_identification:_identify(scr/ros_tutorials/turtlesim) by extensions ['ignore', 'ignore_ament_install']
[0.841s] Level 1:colcon.colcon_core.package_identification:_identify(scr/ros_tutorials/turtlesim) by extension 'ignore'
[0.841s] Level 1:colcon.colcon_core.package_identification:_identify(scr/ros_tutorials/turtlesim) by extension 'ignore_ament_install'
[0.841s] Level 1:colcon.colcon_core.package_identification:_identify(scr/ros_tutorials/turtlesim) by extensions ['colcon_pkg']
[0.841s] Level 1:colcon.colcon_core.package_identification:_identify(scr/ros_tutorials/turtlesim) by extension 'colcon_pkg'
[0.841s] Level 1:colcon.colcon_core.package_identification:_identify(scr/ros_tutorials/turtlesim) by extensions ['colcon_meta']
[0.841s] Level 1:colcon.colcon_core.package_identification:_identify(scr/ros_tutorials/turtlesim) by extension 'colcon_meta'
[0.841s] Level 1:colcon.colcon_core.package_identification:_identify(scr/ros_tutorials/turtlesim) by extensions ['ros']
[0.841s] Level 1:colcon.colcon_core.package_identification:_identify(scr/ros_tutorials/turtlesim) by extension 'ros'
[0.843s] DEBUG:colcon.colcon_core.package_identification:Package 'scr/ros_tutorials/turtlesim' with type 'ros.ament_cmake' and name 'turtlesim'
[0.844s] Level 1:colcon.colcon_core.package_discovery:discover_packages(recursive) using defaults
[0.844s] Level 1:colcon.colcon_core.package_discovery:discover_packages(ignore) discover
[0.844s] Level 1:colcon.colcon_core.package_discovery:discover_packages(ignore) using defaults
[0.844s] Level 1:colcon.colcon_core.package_discovery:discover_packages(path) discover
[0.844s] Level 1:colcon.colcon_core.package_discovery:discover_packages(path) using defaults
[0.876s] INFO:colcon.colcon_core.package_selection:Skipping not selected package 'PrimeiroPacote' in 'scr/PrimeiroPacote'
[0.876s] INFO:colcon.colcon_core.package_selection:Skipping not selected package 'my_package' in 'scr/my_package'
[0.876s] INFO:colcon.colcon_core.package_selection:Skipping not selected package 'turtlesim' in 'scr/ros_tutorials/turtlesim'
[0.878s] Level 5:colcon.colcon_core.verb:set package 'py_pubsub' build argument 'cmake_args' from command line to 'None'
[0.878s] Level 5:colcon.colcon_core.verb:set package 'py_pubsub' build argument 'cmake_target' from command line to 'None'
[0.878s] Level 5:colcon.colcon_core.verb:set package 'py_pubsub' build argument 'cmake_target_skip_unavailable' from command line to 'False'
[0.878s] Level 5:colcon.colcon_core.verb:set package 'py_pubsub' build argument 'cmake_clean_cache' from command line to 'False'
[0.878s] Level 5:colcon.colcon_core.verb:set package 'py_pubsub' build argument 'cmake_clean_first' from command line to 'False'
[0.878s] Level 5:colcon.colcon_core.verb:set package 'py_pubsub' build argument 'cmake_force_configure' from command line to 'False'
[0.878s] Level 5:colcon.colcon_core.verb:set package 'py_pubsub' build argument 'ament_cmake_args' from command line to 'None'
[0.879s] Level 5:colcon.colcon_core.verb:set package 'py_pubsub' build argument 'catkin_cmake_args' from command line to 'None'
[0.879s] Level 5:colcon.colcon_core.verb:set package 'py_pubsub' build argument 'catkin_skip_building_tests' from command line to 'False'
[0.879s] DEBUG:colcon.colcon_core.verb:Building package 'py_pubsub' with the following arguments: {'ament_cmake_args': None, 'build_base': '/home/pedroportela/Linux/ros/build/py_pubsub', 'catkin_cmake_args': None, 'catkin_skip_building_tests': False, 'cmake_args': None, 'cmake_clean_cache': False, 'cmake_clean_first': False, 'cmake_force_configure': False, 'cmake_target': None, 'cmake_target_skip_unavailable': False, 'install_base': '/home/pedroportela/Linux/ros/install/py_pubsub', 'merge_install': False, 'path': '/home/pedroportela/Linux/ros/scr/py_pubsub', 'symlink_install': False, 'test_result_base': None}
[0.890s] INFO:colcon.colcon_core.executor:Executing jobs using 'parallel' executor
[0.893s] DEBUG:colcon.colcon_parallel_executor.executor.parallel:run_until_complete
[0.893s] INFO:colcon.colcon_ros.task.ament_python.build:Building ROS package in '/home/pedroportela/Linux/ros/scr/py_pubsub' with build type 'ament_python'
[0.894s] Level 1:colcon.colcon_core.shell:create_environment_hook('py_pubsub', 'ament_prefix_path')
[0.912s] INFO:colcon.colcon_core.plugin_system:Skipping extension 'colcon_core.shell.bat': Not used on non-Windows systems
[0.913s] INFO:colcon.colcon_core.shell:Creating environment hook '/home/pedroportela/Linux/ros/install/py_pubsub/share/py_pubsub/hook/ament_prefix_path.ps1'
[0.916s] INFO:colcon.colcon_core.shell:Creating environment descriptor '/home/pedroportela/Linux/ros/install/py_pubsub/share/py_pubsub/hook/ament_prefix_path.dsv'
[0.918s] INFO:colcon.colcon_core.shell:Creating environment hook '/home/pedroportela/Linux/ros/install/py_pubsub/share/py_pubsub/hook/ament_prefix_path.sh'
[0.922s] INFO:colcon.colcon_core.shell:Skip shell extension 'powershell' for command environment: Not usable outside of PowerShell
[0.922s] DEBUG:colcon.colcon_core.shell:Skip shell extension 'dsv' for command environment
[1.180s] INFO:colcon.colcon_core.task.python.build:Building Python package in '/home/pedroportela/Linux/ros/scr/py_pubsub'
[1.181s] INFO:colcon.colcon_core.shell:Skip shell extension 'powershell' for command environment: Not usable outside of PowerShell
[1.181s] DEBUG:colcon.colcon_core.shell:Skip shell extension 'dsv' for command environment
[2.055s] DEBUG:colcon.colcon_core.event_handler.log_command:Invoking command in '/home/pedroportela/Linux/ros/scr/py_pubsub': PYTHONPATH=/home/pedroportela/Linux/ros/install/py_pubsub/lib/python3.8/site-packages:${PYTHONPATH} /usr/bin/python3 setup.py egg_info --egg-base ../../build/py_pubsub build --build-base /home/pedroportela/Linux/ros/build/py_pubsub/build install --prefix /home/pedroportela/Linux/ros/install/py_pubsub --record /home/pedroportela/Linux/ros/build/py_pubsub/install.log --single-version-externally-managed
[2.423s] DEBUG:colcon.colcon_core.event_handler.log_command:Invoked command in '/home/pedroportela/Linux/ros/scr/py_pubsub' returned '0': PYTHONPATH=/home/pedroportela/Linux/ros/install/py_pubsub/lib/python3.8/site-packages:${PYTHONPATH} /usr/bin/python3 setup.py egg_info --egg-base ../../build/py_pubsub build --build-base /home/pedroportela/Linux/ros/build/py_pubsub/build install --prefix /home/pedroportela/Linux/ros/install/py_pubsub --record /home/pedroportela/Linux/ros/build/py_pubsub/install.log --single-version-externally-managed
[2.441s] Level 1:colcon.colcon_core.environment:checking '/home/pedroportela/Linux/ros/install/py_pubsub' for CMake module files
[2.442s] Level 1:colcon.colcon_core.environment:checking '/home/pedroportela/Linux/ros/install/py_pubsub' for CMake config files
[2.444s] Level 1:colcon.colcon_core.environment:checking '/home/pedroportela/Linux/ros/install/py_pubsub/lib'
[2.444s] Level 1:colcon.colcon_core.environment:checking '/home/pedroportela/Linux/ros/install/py_pubsub/bin'
[2.444s] Level 1:colcon.colcon_core.environment:checking '/home/pedroportela/Linux/ros/install/py_pubsub/lib/pkgconfig/py_pubsub.pc'
[2.444s] Level 1:colcon.colcon_core.environment:checking '/home/pedroportela/Linux/ros/install/py_pubsub/lib/python3.8/site-packages'
[2.445s] Level 1:colcon.colcon_core.shell:create_environment_hook('py_pubsub', 'pythonpath')
[2.445s] INFO:colcon.colcon_core.shell:Creating environment hook '/home/pedroportela/Linux/ros/install/py_pubsub/share/py_pubsub/hook/pythonpath.ps1'
[2.446s] INFO:colcon.colcon_core.shell:Creating environment descriptor '/home/pedroportela/Linux/ros/install/py_pubsub/share/py_pubsub/hook/pythonpath.dsv'
[2.447s] INFO:colcon.colcon_core.shell:Creating environment hook '/home/pedroportela/Linux/ros/install/py_pubsub/share/py_pubsub/hook/pythonpath.sh'
[2.447s] Level 1:colcon.colcon_core.environment:create_environment_scripts_only(py_pubsub)
[2.448s] INFO:colcon.colcon_core.shell:Creating package script '/home/pedroportela/Linux/ros/install/py_pubsub/share/py_pubsub/package.ps1'
[2.451s] INFO:colcon.colcon_core.shell:Creating package descriptor '/home/pedroportela/Linux/ros/install/py_pubsub/share/py_pubsub/package.dsv'
[2.453s] INFO:colcon.colcon_core.shell:Creating package script '/home/pedroportela/Linux/ros/install/py_pubsub/share/py_pubsub/package.sh'
[2.455s] INFO:colcon.colcon_core.shell:Creating package script '/home/pedroportela/Linux/ros/install/py_pubsub/share/py_pubsub/package.bash'
[2.457s] INFO:colcon.colcon_core.shell:Creating package script '/home/pedroportela/Linux/ros/install/py_pubsub/share/py_pubsub/package.zsh'
[2.460s] Level 1:colcon.colcon_core.environment:create_file_with_runtime_dependencies(/home/pedroportela/Linux/ros/install/py_pubsub/share/colcon-core/packages/py_pubsub)
[2.461s] DEBUG:colcon.colcon_parallel_executor.executor.parallel:closing loop
[2.461s] DEBUG:colcon.colcon_parallel_executor.executor.parallel:loop closed
[2.461s] DEBUG:colcon.colcon_parallel_executor.executor.parallel:run_until_complete finished with '0'
[2.461s] DEBUG:colcon.colcon_core.event_reactor:joining thread
[2.518s] INFO:colcon.colcon_core.plugin_system:Skipping extension 'colcon_notification.desktop_notification.notify_send': Could not find 'notify-send'
[2.518s] INFO:colcon.colcon_core.plugin_system:Skipping extension 'colcon_notification.desktop_notification.terminal_notifier': Not used on non-Darwin systems
[2.518s] INFO:colcon.colcon_core.plugin_system:Skipping extension 'colcon_notification.desktop_notification.win32': Not used on non-Windows systems
[2.518s] INFO:colcon.colcon_notification.desktop_notification:Sending desktop notification using 'notify2'
[2.525s] DEBUG:colcon.colcon_notification.desktop_notification.notify2:Failed to initialize notify2: org.freedesktop.DBus.Error.ServiceUnknown: The name org.freedesktop.Notifications was not provided by any .service files
[2.525s] DEBUG:colcon.colcon_core.event_reactor:joined thread
[2.526s] INFO:colcon.colcon_core.shell:Creating prefix script '/home/pedroportela/Linux/ros/install/local_setup.ps1'
[2.529s] INFO:colcon.colcon_core.shell:Creating prefix util module '/home/pedroportela/Linux/ros/install/_local_setup_util_ps1.py'
[2.532s] INFO:colcon.colcon_core.shell:Creating prefix chain script '/home/pedroportela/Linux/ros/install/setup.ps1'
[2.534s] INFO:colcon.colcon_core.shell:Creating prefix script '/home/pedroportela/Linux/ros/install/local_setup.sh'
[2.536s] INFO:colcon.colcon_core.shell:Creating prefix util module '/home/pedroportela/Linux/ros/install/_local_setup_util_sh.py'
[2.536s] INFO:colcon.colcon_core.shell:Creating prefix chain script '/home/pedroportela/Linux/ros/install/setup.sh'
[2.538s] INFO:colcon.colcon_core.shell:Creating prefix script '/home/pedroportela/Linux/ros/install/local_setup.bash'
[2.540s] INFO:colcon.colcon_core.shell:Creating prefix chain script '/home/pedroportela/Linux/ros/install/setup.bash'
[2.542s] INFO:colcon.colcon_core.shell:Creating prefix script '/home/pedroportela/Linux/ros/install/local_setup.zsh'
[2.543s] INFO:colcon.colcon_core.shell:Creating prefix chain script '/home/pedroportela/Linux/ros/install/setup.zsh'
