[1.160s] Invoking command in '/home/pedroportela/Linux/ros/scr/py_pubsub': PYTHONPATH=/home/pedroportela/Linux/ros/install/py_pubsub/lib/python3.8/site-packages:${PYTHONPATH} /usr/bin/python3 setup.py egg_info --egg-base ../../build/py_pubsub build --build-base /home/pedroportela/Linux/ros/build/py_pubsub/build install --prefix /home/pedroportela/Linux/ros/install/py_pubsub --record /home/pedroportela/Linux/ros/build/py_pubsub/install.log --single-version-externally-managed
[1.382s] running egg_info
[1.383s] creating ../../build/py_pubsub/py_pubsub.egg-info
[1.383s] writing ../../build/py_pubsub/py_pubsub.egg-info/PKG-INFO
[1.383s] writing dependency_links to ../../build/py_pubsub/py_pubsub.egg-info/dependency_links.txt
[1.384s] writing entry points to ../../build/py_pubsub/py_pubsub.egg-info/entry_points.txt
[1.384s] writing requirements to ../../build/py_pubsub/py_pubsub.egg-info/requires.txt
[1.384s] writing top-level names to ../../build/py_pubsub/py_pubsub.egg-info/top_level.txt
[1.408s] writing manifest file '../../build/py_pubsub/py_pubsub.egg-info/SOURCES.txt'
[1.469s] reading manifest file '../../build/py_pubsub/py_pubsub.egg-info/SOURCES.txt'
[1.470s] writing manifest file '../../build/py_pubsub/py_pubsub.egg-info/SOURCES.txt'
[1.471s] running build
[1.471s] running build_py
[1.472s] creating /home/pedroportela/Linux/ros/build/py_pubsub/build
[1.472s] creating /home/pedroportela/Linux/ros/build/py_pubsub/build/lib
[1.472s] creating /home/pedroportela/Linux/ros/build/py_pubsub/build/lib/py_pubsub
[1.473s] copying py_pubsub/publisher_member_function.py -> /home/pedroportela/Linux/ros/build/py_pubsub/build/lib/py_pubsub
[1.473s] copying py_pubsub/subscriber_member_function.py -> /home/pedroportela/Linux/ros/build/py_pubsub/build/lib/py_pubsub
[1.473s] copying py_pubsub/__init__.py -> /home/pedroportela/Linux/ros/build/py_pubsub/build/lib/py_pubsub
[1.473s] running install
[1.474s] running install_lib
[1.475s] creating /home/pedroportela/Linux/ros/install/py_pubsub/lib/python3.8/site-packages/py_pubsub
[1.475s] copying /home/pedroportela/Linux/ros/build/py_pubsub/build/lib/py_pubsub/publisher_member_function.py -> /home/pedroportela/Linux/ros/install/py_pubsub/lib/python3.8/site-packages/py_pubsub
[1.476s] copying /home/pedroportela/Linux/ros/build/py_pubsub/build/lib/py_pubsub/subscriber_member_function.py -> /home/pedroportela/Linux/ros/install/py_pubsub/lib/python3.8/site-packages/py_pubsub
[1.476s] copying /home/pedroportela/Linux/ros/build/py_pubsub/build/lib/py_pubsub/__init__.py -> /home/pedroportela/Linux/ros/install/py_pubsub/lib/python3.8/site-packages/py_pubsub
[1.477s] byte-compiling /home/pedroportela/Linux/ros/install/py_pubsub/lib/python3.8/site-packages/py_pubsub/publisher_member_function.py to publisher_member_function.cpython-38.pyc
[1.479s] byte-compiling /home/pedroportela/Linux/ros/install/py_pubsub/lib/python3.8/site-packages/py_pubsub/subscriber_member_function.py to subscriber_member_function.cpython-38.pyc
[1.480s] byte-compiling /home/pedroportela/Linux/ros/install/py_pubsub/lib/python3.8/site-packages/py_pubsub/__init__.py to __init__.cpython-38.pyc
[1.480s] running install_data
[1.481s] creating /home/pedroportela/Linux/ros/install/py_pubsub/share/ament_index
[1.482s] creating /home/pedroportela/Linux/ros/install/py_pubsub/share/ament_index/resource_index
[1.482s] creating /home/pedroportela/Linux/ros/install/py_pubsub/share/ament_index/resource_index/packages
[1.482s] copying resource/py_pubsub -> /home/pedroportela/Linux/ros/install/py_pubsub/share/ament_index/resource_index/packages
[1.482s] copying package.xml -> /home/pedroportela/Linux/ros/install/py_pubsub/share/py_pubsub
[1.482s] running install_egg_info
[1.484s] Copying ../../build/py_pubsub/py_pubsub.egg-info to /home/pedroportela/Linux/ros/install/py_pubsub/lib/python3.8/site-packages/py_pubsub-0.0.0-py3.8.egg-info
[1.485s] running install_scripts
[1.503s] Installing listener script to /home/pedroportela/Linux/ros/install/py_pubsub/lib/py_pubsub
[1.504s] Installing talker script to /home/pedroportela/Linux/ros/install/py_pubsub/lib/py_pubsub
[1.504s] writing list of installed files to '/home/pedroportela/Linux/ros/build/py_pubsub/install.log'
[1.528s] Invoked command in '/home/pedroportela/Linux/ros/scr/py_pubsub' returned '0': PYTHONPATH=/home/pedroportela/Linux/ros/install/py_pubsub/lib/python3.8/site-packages:${PYTHONPATH} /usr/bin/python3 setup.py egg_info --egg-base ../../build/py_pubsub build --build-base /home/pedroportela/Linux/ros/build/py_pubsub/build install --prefix /home/pedroportela/Linux/ros/install/py_pubsub --record /home/pedroportela/Linux/ros/build/py_pubsub/install.log --single-version-externally-managed
