running egg_info
creating ../../build/PrimeiroPacote/PrimeiroPacote.egg-info
writing ../../build/PrimeiroPacote/PrimeiroPacote.egg-info/PKG-INFO
writing dependency_links to ../../build/PrimeiroPacote/PrimeiroPacote.egg-info/dependency_links.txt
writing entry points to ../../build/PrimeiroPacote/PrimeiroPacote.egg-info/entry_points.txt
writing requirements to ../../build/PrimeiroPacote/PrimeiroPacote.egg-info/requires.txt
writing top-level names to ../../build/PrimeiroPacote/PrimeiroPacote.egg-info/top_level.txt
writing manifest file '../../build/PrimeiroPacote/PrimeiroPacote.egg-info/SOURCES.txt'
reading manifest file '../../build/PrimeiroPacote/PrimeiroPacote.egg-info/SOURCES.txt'
writing manifest file '../../build/PrimeiroPacote/PrimeiroPacote.egg-info/SOURCES.txt'
running build
running build_py
creating /home/pedroportela/Linux/ros/build/PrimeiroPacote/build
creating /home/pedroportela/Linux/ros/build/PrimeiroPacote/build/lib
creating /home/pedroportela/Linux/ros/build/PrimeiroPacote/build/lib/PrimeiroPacote
copying PrimeiroPacote/__init__.py -> /home/pedroportela/Linux/ros/build/PrimeiroPacote/build/lib/PrimeiroPacote
running install
running install_lib
creating /home/pedroportela/Linux/ros/install/PrimeiroPacote/lib/python3.8/site-packages/PrimeiroPacote
copying /home/pedroportela/Linux/ros/build/PrimeiroPacote/build/lib/PrimeiroPacote/__init__.py -> /home/pedroportela/Linux/ros/install/PrimeiroPacote/lib/python3.8/site-packages/PrimeiroPacote
byte-compiling /home/pedroportela/Linux/ros/install/PrimeiroPacote/lib/python3.8/site-packages/PrimeiroPacote/__init__.py to __init__.cpython-38.pyc
running install_data
creating /home/pedroportela/Linux/ros/install/PrimeiroPacote/share/ament_index
creating /home/pedroportela/Linux/ros/install/PrimeiroPacote/share/ament_index/resource_index
creating /home/pedroportela/Linux/ros/install/PrimeiroPacote/share/ament_index/resource_index/packages
copying resource/PrimeiroPacote -> /home/pedroportela/Linux/ros/install/PrimeiroPacote/share/ament_index/resource_index/packages
copying package.xml -> /home/pedroportela/Linux/ros/install/PrimeiroPacote/share/PrimeiroPacote
running install_egg_info
Copying ../../build/PrimeiroPacote/PrimeiroPacote.egg-info to /home/pedroportela/Linux/ros/install/PrimeiroPacote/lib/python3.8/site-packages/PrimeiroPacote-0.0.0-py3.8.egg-info
running install_scripts
writing list of installed files to '/home/pedroportela/Linux/ros/build/PrimeiroPacote/install.log'
