[0.017s] Invoking command in '/home/pedroportela/Linux/ros/build/turtlesim': CMAKE_PREFIX_PATH=/opt/ros/foxy /usr/bin/cmake /home/pedroportela/Linux/ros/scr/ros_tutorials/turtlesim -DCMAKE_INSTALL_PREFIX=/home/pedroportela/Linux/ros/install/turtlesim
[0.287s] -- The C compiler identification is GNU 9.4.0
[0.566s] -- The CXX compiler identification is GNU 9.4.0
[0.676s] -- Check for working C compiler: /usr/bin/cc
[0.816s] -- Check for working C compiler: /usr/bin/cc -- works
[0.818s] -- Detecting C compiler ABI info
[0.944s] -- Detecting C compiler ABI info - done
[0.956s] -- Detecting C compile features
[0.957s] -- Detecting C compile features - done
[0.962s] -- Check for working CXX compiler: /usr/bin/c++
[1.101s] -- Check for working CXX compiler: /usr/bin/c++ -- works
[1.102s] -- Detecting CXX compiler ABI info
[1.234s] -- Detecting CXX compiler ABI info - done
[1.246s] -- Detecting CXX compile features
[1.246s] -- Detecting CXX compile features - done
[1.258s] -- Found ament_cmake: 0.9.9 (/opt/ros/foxy/share/ament_cmake/cmake)
[1.291s] -- Found PythonInterp: /usr/bin/python3 (found suitable version "3.8.10", minimum required is "3") 
[1.291s] -- Using PYTHON_EXECUTABLE: /usr/bin/python3
[1.509s] -- Found ament_index_cpp: 1.1.0 (/opt/ros/foxy/share/ament_index_cpp/cmake)
[1.519s] -- Found geometry_msgs: 2.0.5 (/opt/ros/foxy/share/geometry_msgs/cmake)
[1.680s] -- Using all available rosidl_typesupport_c: rosidl_typesupport_fastrtps_c;rosidl_typesupport_introspection_c
[1.690s] -- Found rosidl_adapter: 1.2.1 (/opt/ros/foxy/share/rosidl_adapter/cmake)
[2.765s] -- Found OpenSSL: /usr/lib/x86_64-linux-gnu/libcrypto.so (found version "1.1.1f")  
[3.744s] -- Found FastRTPS: /opt/ros/foxy/include  
[5.590s] -- Using all available rosidl_typesupport_cpp: rosidl_typesupport_fastrtps_cpp;rosidl_typesupport_introspection_cpp
[5.734s] -- Found rclcpp: 2.4.1 (/opt/ros/foxy/share/rclcpp/cmake)
[5.814s] -- Found rmw_implementation_cmake: 1.0.3 (/opt/ros/foxy/share/rmw_implementation_cmake/cmake)
[5.818s] -- Using RMW implementation 'rmw_fastrtps_cpp' as default
[5.820s] -- Looking for pthread.h
[5.966s] -- Looking for pthread.h - found
[5.967s] -- Performing Test CMAKE_HAVE_LIBC_PTHREAD
[6.099s] -- Performing Test CMAKE_HAVE_LIBC_PTHREAD - Failed
[6.099s] -- Looking for pthread_create in pthreads
[6.217s] -- Looking for pthread_create in pthreads - not found
[6.218s] -- Looking for pthread_create in pthread
[6.343s] -- Looking for pthread_create in pthread - found
[6.344s] -- Found Threads: TRUE  
[6.524s] -- Found rclcpp_action: 2.4.1 (/opt/ros/foxy/share/rclcpp_action/cmake)
[6.640s] -- Found rosidl_default_generators: 1.0.1 (/opt/ros/foxy/share/rosidl_default_generators/cmake)
[6.659s] -- Found std_srvs: 2.0.5 (/opt/ros/foxy/share/std_srvs/cmake)
[6.701s] -- Found PythonInterp: /usr/bin/python3 (found version "3.8.10") 
[6.896s] -- Found ament_cmake_ros: 0.9.2 (/opt/ros/foxy/share/ament_cmake_ros/cmake)
[10.497s] -- Using all available rosidl_typesupport_c: rosidl_typesupport_fastrtps_c;rosidl_typesupport_introspection_c
[10.527s] -- Using all available rosidl_typesupport_cpp: rosidl_typesupport_fastrtps_cpp;rosidl_typesupport_introspection_cpp
[10.552s] -- Found PythonInterp: /usr/bin/python3 (found suitable version "3.8.10", minimum required is "3.5") 
[10.556s] -- Found python_cmake_module: 0.8.1 (/opt/ros/foxy/share/python_cmake_module/cmake)
[10.910s] -- Found PythonLibs: /usr/lib/x86_64-linux-gnu/libpython3.8.so (found suitable version "3.8.10", minimum required is "3.5") 
[10.911s] -- Using PYTHON_EXECUTABLE: /usr/bin/python3
[10.911s] -- Using PYTHON_INCLUDE_DIRS: /usr/include/python3.8
[10.911s] -- Using PYTHON_LIBRARIES: /usr/lib/x86_64-linux-gnu/libpython3.8.so
[10.931s] -- Found PythonExtra: .so  
[11.042s] -- Configuring done
[11.146s] -- Generating done
[11.149s] -- Build files have been written to: /home/pedroportela/Linux/ros/build/turtlesim
[11.160s] Invoked command in '/home/pedroportela/Linux/ros/build/turtlesim' returned '0': CMAKE_PREFIX_PATH=/opt/ros/foxy /usr/bin/cmake /home/pedroportela/Linux/ros/scr/ros_tutorials/turtlesim -DCMAKE_INSTALL_PREFIX=/home/pedroportela/Linux/ros/install/turtlesim
[11.162s] Invoking command in '/home/pedroportela/Linux/ros/build/turtlesim': CMAKE_PREFIX_PATH=/opt/ros/foxy /usr/bin/cmake --build /home/pedroportela/Linux/ros/build/turtlesim -- -j8 -l8
[11.202s] [  1%] [34m[1mGenerating C code for ROS interfaces[0m
[11.202s] [35m[1mScanning dependencies of target turtlesim__cpp[0m
[11.212s] [  2%] [34m[1mGenerating C++ code for ROS interfaces[0m
[11.996s] [35m[1mScanning dependencies of target turtlesim__rosidl_generator_c[0m
[12.004s] [  2%] Built target turtlesim__cpp
[12.013s] [  3%] [34m[1mGenerating C++ type support for eProsima Fast-RTPS[0m
[12.014s] [  4%] [34m[1mGenerating C++ type support dispatch for ROS interfaces[0m
[12.014s] [  5%] [34m[1mGenerating C++ introspection for ROS interfaces[0m
[12.022s] [  9%] [32mBuilding C object CMakeFiles/turtlesim__rosidl_generator_c.dir/rosidl_generator_c/turtlesim/srv/detail/kill__functions.c.o[0m
[12.023s] [  9%] [32mBuilding C object CMakeFiles/turtlesim__rosidl_generator_c.dir/rosidl_generator_c/turtlesim/action/detail/rotate_absolute__functions.c.o[0m
[12.023s] [  9%] [32mBuilding C object CMakeFiles/turtlesim__rosidl_generator_c.dir/rosidl_generator_c/turtlesim/msg/detail/pose__functions.c.o[0m
[12.023s] [  9%] [32mBuilding C object CMakeFiles/turtlesim__rosidl_generator_c.dir/rosidl_generator_c/turtlesim/msg/detail/color__functions.c.o[0m
[12.023s] [ 10%] [32mBuilding C object CMakeFiles/turtlesim__rosidl_generator_c.dir/rosidl_generator_c/turtlesim/srv/detail/set_pen__functions.c.o[0m
[12.087s] [ 11%] [32mBuilding C object CMakeFiles/turtlesim__rosidl_generator_c.dir/rosidl_generator_c/turtlesim/srv/detail/spawn__functions.c.o[0m
[12.088s] [ 12%] [32mBuilding C object CMakeFiles/turtlesim__rosidl_generator_c.dir/rosidl_generator_c/turtlesim/srv/detail/teleport_absolute__functions.c.o[0m
[12.095s] [ 13%] [32mBuilding C object CMakeFiles/turtlesim__rosidl_generator_c.dir/rosidl_generator_c/turtlesim/srv/detail/teleport_relative__functions.c.o[0m
[12.147s] [ 14%] [32m[1mLinking C shared library libturtlesim__rosidl_generator_c.so[0m
[12.257s] [ 14%] Built target turtlesim__rosidl_generator_c
[12.266s] [ 15%] [34m[1mGenerating C type support dispatch for ROS interfaces[0m
[12.269s] [ 16%] [34m[1mGenerating C introspection for ROS interfaces[0m
[12.668s] [35m[1mScanning dependencies of target turtlesim__rosidl_typesupport_cpp[0m
[12.700s] [ 18%] [32mBuilding CXX object CMakeFiles/turtlesim__rosidl_typesupport_cpp.dir/rosidl_typesupport_cpp/turtlesim/msg/pose__type_support.cpp.o[0m
[12.700s] [ 18%] [32mBuilding CXX object CMakeFiles/turtlesim__rosidl_typesupport_cpp.dir/rosidl_typesupport_cpp/turtlesim/action/rotate_absolute__type_support.cpp.o[0m
[12.701s] [ 19%] [32mBuilding CXX object CMakeFiles/turtlesim__rosidl_typesupport_cpp.dir/rosidl_typesupport_cpp/turtlesim/srv/kill__type_support.cpp.o[0m
[12.702s] [ 20%] [32mBuilding CXX object CMakeFiles/turtlesim__rosidl_typesupport_cpp.dir/rosidl_typesupport_cpp/turtlesim/msg/color__type_support.cpp.o[0m
[12.923s] [35m[1mScanning dependencies of target turtlesim__rosidl_typesupport_introspection_cpp[0m
[12.965s] [ 21%] [32mBuilding CXX object CMakeFiles/turtlesim__rosidl_typesupport_introspection_cpp.dir/rosidl_typesupport_introspection_cpp/turtlesim/action/detail/rotate_absolute__type_support.cpp.o[0m
[13.009s] [35m[1mScanning dependencies of target turtlesim__rosidl_typesupport_c[0m
[13.041s] [ 22%] [32mBuilding CXX object CMakeFiles/turtlesim__rosidl_typesupport_c.dir/rosidl_typesupport_c/turtlesim/action/rotate_absolute__type_support.cpp.o[0m
[13.116s] [ 23%] [32mBuilding CXX object CMakeFiles/turtlesim__rosidl_typesupport_c.dir/rosidl_typesupport_c/turtlesim/msg/color__type_support.cpp.o[0m
[13.156s] [ 24%] [32mBuilding CXX object CMakeFiles/turtlesim__rosidl_typesupport_c.dir/rosidl_typesupport_c/turtlesim/msg/pose__type_support.cpp.o[0m
[13.202s] [ 25%] [32mBuilding CXX object CMakeFiles/turtlesim__rosidl_typesupport_c.dir/rosidl_typesupport_c/turtlesim/srv/kill__type_support.cpp.o[0m
[13.226s] [ 26%] [32mBuilding CXX object CMakeFiles/turtlesim__rosidl_typesupport_cpp.dir/rosidl_typesupport_cpp/turtlesim/srv/set_pen__type_support.cpp.o[0m
[13.239s] [ 27%] [32mBuilding CXX object CMakeFiles/turtlesim__rosidl_typesupport_cpp.dir/rosidl_typesupport_cpp/turtlesim/srv/spawn__type_support.cpp.o[0m
[13.240s] [ 28%] [32mBuilding CXX object CMakeFiles/turtlesim__rosidl_typesupport_cpp.dir/rosidl_typesupport_cpp/turtlesim/srv/teleport_absolute__type_support.cpp.o[0m
[13.247s] [ 29%] [32mBuilding CXX object CMakeFiles/turtlesim__rosidl_typesupport_c.dir/rosidl_typesupport_c/turtlesim/srv/set_pen__type_support.cpp.o[0m
[13.248s] [35m[1mScanning dependencies of target turtlesim__rosidl_typesupport_fastrtps_cpp[0m
[13.285s] [ 30%] [32mBuilding CXX object CMakeFiles/turtlesim__rosidl_typesupport_c.dir/rosidl_typesupport_c/turtlesim/srv/spawn__type_support.cpp.o[0m
[13.296s] [ 31%] [32mBuilding CXX object CMakeFiles/turtlesim__rosidl_typesupport_c.dir/rosidl_typesupport_c/turtlesim/srv/teleport_absolute__type_support.cpp.o[0m
[13.302s] [ 32%] [32mBuilding CXX object CMakeFiles/turtlesim__rosidl_typesupport_fastrtps_cpp.dir/rosidl_typesupport_fastrtps_cpp/turtlesim/action/detail/dds_fastrtps/rotate_absolute__type_support.cpp.o[0m
[13.331s] [ 33%] [32mBuilding CXX object CMakeFiles/turtlesim__rosidl_typesupport_c.dir/rosidl_typesupport_c/turtlesim/srv/teleport_relative__type_support.cpp.o[0m
[13.343s] [ 34%] [32mBuilding CXX object CMakeFiles/turtlesim__rosidl_typesupport_fastrtps_cpp.dir/rosidl_typesupport_fastrtps_cpp/turtlesim/msg/detail/dds_fastrtps/color__type_support.cpp.o[0m
[13.373s] [ 35%] [32m[1mLinking CXX shared library libturtlesim__rosidl_typesupport_c.so[0m
[13.474s] [35m[1mScanning dependencies of target turtlesim__rosidl_typesupport_introspection_c[0m
[13.511s] [ 36%] [32mBuilding C object CMakeFiles/turtlesim__rosidl_typesupport_introspection_c.dir/rosidl_typesupport_introspection_c/turtlesim/action/detail/rotate_absolute__type_support.c.o[0m
[13.521s] [ 37%] [32mBuilding CXX object CMakeFiles/turtlesim__rosidl_typesupport_introspection_cpp.dir/rosidl_typesupport_introspection_cpp/turtlesim/msg/detail/color__type_support.cpp.o[0m
[13.546s] [ 37%] Built target turtlesim__rosidl_typesupport_c
[13.558s] [ 38%] [32mBuilding CXX object CMakeFiles/turtlesim__rosidl_typesupport_fastrtps_cpp.dir/rosidl_typesupport_fastrtps_cpp/turtlesim/msg/detail/dds_fastrtps/pose__type_support.cpp.o[0m
[13.580s] [ 39%] [32mBuilding C object CMakeFiles/turtlesim__rosidl_typesupport_introspection_c.dir/rosidl_typesupport_introspection_c/turtlesim/msg/detail/color__type_support.c.o[0m
[13.621s] [ 40%] [32mBuilding C object CMakeFiles/turtlesim__rosidl_typesupport_introspection_c.dir/rosidl_typesupport_introspection_c/turtlesim/msg/detail/pose__type_support.c.o[0m
[13.667s] [ 41%] [32mBuilding C object CMakeFiles/turtlesim__rosidl_typesupport_introspection_c.dir/rosidl_typesupport_introspection_c/turtlesim/srv/detail/kill__type_support.c.o[0m
[13.699s] [ 42%] [32mBuilding CXX object CMakeFiles/turtlesim__rosidl_typesupport_cpp.dir/rosidl_typesupport_cpp/turtlesim/srv/teleport_relative__type_support.cpp.o[0m
[13.703s] [ 43%] [32mBuilding C object CMakeFiles/turtlesim__rosidl_typesupport_introspection_c.dir/rosidl_typesupport_introspection_c/turtlesim/srv/detail/set_pen__type_support.c.o[0m
[13.704s] [ 44%] [32mBuilding CXX object CMakeFiles/turtlesim__rosidl_typesupport_fastrtps_cpp.dir/rosidl_typesupport_fastrtps_cpp/turtlesim/srv/detail/dds_fastrtps/kill__type_support.cpp.o[0m
[13.721s] [ 45%] [32mBuilding C object CMakeFiles/turtlesim__rosidl_typesupport_introspection_c.dir/rosidl_typesupport_introspection_c/turtlesim/srv/detail/spawn__type_support.c.o[0m
[13.768s] [ 46%] [32mBuilding C object CMakeFiles/turtlesim__rosidl_typesupport_introspection_c.dir/rosidl_typesupport_introspection_c/turtlesim/srv/detail/teleport_absolute__type_support.c.o[0m
[13.770s] [ 47%] [32mBuilding C object CMakeFiles/turtlesim__rosidl_typesupport_introspection_c.dir/rosidl_typesupport_introspection_c/turtlesim/srv/detail/teleport_relative__type_support.c.o[0m
[13.811s] [ 48%] [32mBuilding CXX object CMakeFiles/turtlesim__rosidl_typesupport_fastrtps_cpp.dir/rosidl_typesupport_fastrtps_cpp/turtlesim/srv/detail/dds_fastrtps/set_pen__type_support.cpp.o[0m
[13.816s] [ 49%] [32m[1mLinking C shared library libturtlesim__rosidl_typesupport_introspection_c.so[0m
[13.958s] [ 49%] Built target turtlesim__rosidl_typesupport_introspection_c
[13.970s] [ 50%] [32mBuilding CXX object CMakeFiles/turtlesim__rosidl_typesupport_fastrtps_cpp.dir/rosidl_typesupport_fastrtps_cpp/turtlesim/srv/detail/dds_fastrtps/spawn__type_support.cpp.o[0m
[13.986s] [ 51%] [32mBuilding CXX object CMakeFiles/turtlesim__rosidl_typesupport_introspection_cpp.dir/rosidl_typesupport_introspection_cpp/turtlesim/msg/detail/pose__type_support.cpp.o[0m
[14.121s] [ 52%] [32mBuilding CXX object CMakeFiles/turtlesim__rosidl_typesupport_fastrtps_cpp.dir/rosidl_typesupport_fastrtps_cpp/turtlesim/srv/detail/dds_fastrtps/teleport_absolute__type_support.cpp.o[0m
[14.149s] [ 54%] [32mBuilding CXX object CMakeFiles/turtlesim__rosidl_typesupport_fastrtps_cpp.dir/rosidl_typesupport_fastrtps_cpp/turtlesim/srv/detail/dds_fastrtps/teleport_relative__type_support.cpp.o[0m
[14.149s] [ 54%] [32m[1mLinking CXX shared library libturtlesim__rosidl_typesupport_cpp.so[0m
[14.242s] [ 55%] [32mBuilding CXX object CMakeFiles/turtlesim__rosidl_typesupport_introspection_cpp.dir/rosidl_typesupport_introspection_cpp/turtlesim/srv/detail/kill__type_support.cpp.o[0m
[14.317s] [ 55%] Built target turtlesim__rosidl_typesupport_cpp
[14.329s] [ 56%] [32mBuilding CXX object CMakeFiles/turtlesim__rosidl_typesupport_introspection_cpp.dir/rosidl_typesupport_introspection_cpp/turtlesim/srv/detail/set_pen__type_support.cpp.o[0m
[14.397s] [ 57%] [32mBuilding CXX object CMakeFiles/turtlesim__rosidl_typesupport_introspection_cpp.dir/rosidl_typesupport_introspection_cpp/turtlesim/srv/detail/spawn__type_support.cpp.o[0m
[14.446s] [ 58%] [32mBuilding CXX object CMakeFiles/turtlesim__rosidl_typesupport_introspection_cpp.dir/rosidl_typesupport_introspection_cpp/turtlesim/srv/detail/teleport_absolute__type_support.cpp.o[0m
[14.504s] [ 59%] [32mBuilding CXX object CMakeFiles/turtlesim__rosidl_typesupport_introspection_cpp.dir/rosidl_typesupport_introspection_cpp/turtlesim/srv/detail/teleport_relative__type_support.cpp.o[0m
[14.832s] [ 60%] [32m[1mLinking CXX shared library libturtlesim__rosidl_typesupport_fastrtps_cpp.so[0m
[14.874s] [ 61%] [32m[1mLinking CXX shared library libturtlesim__rosidl_typesupport_introspection_cpp.so[0m
[14.997s] [ 61%] Built target turtlesim__rosidl_typesupport_fastrtps_cpp
[15.007s] [ 62%] [34m[1mGenerating C type support for eProsima Fast-RTPS[0m
[15.018s] [ 62%] Built target turtlesim__rosidl_typesupport_introspection_cpp
[15.654s] [35m[1mScanning dependencies of target turtlesim__rosidl_typesupport_fastrtps_c[0m
[15.685s] [ 63%] [32mBuilding CXX object CMakeFiles/turtlesim__rosidl_typesupport_fastrtps_c.dir/rosidl_typesupport_fastrtps_c/turtlesim/srv/detail/teleport_absolute__type_support_c.cpp.o[0m
[15.687s] [ 66%] [32mBuilding CXX object CMakeFiles/turtlesim__rosidl_typesupport_fastrtps_c.dir/rosidl_typesupport_fastrtps_c/turtlesim/msg/detail/color__type_support_c.cpp.o[0m
[15.687s] [ 66%] [32mBuilding CXX object CMakeFiles/turtlesim__rosidl_typesupport_fastrtps_c.dir/rosidl_typesupport_fastrtps_c/turtlesim/action/detail/rotate_absolute__type_support_c.cpp.o[0m
[15.687s] [ 66%] [32mBuilding CXX object CMakeFiles/turtlesim__rosidl_typesupport_fastrtps_c.dir/rosidl_typesupport_fastrtps_c/turtlesim/msg/detail/pose__type_support_c.cpp.o[0m
[15.687s] [ 67%] [32mBuilding CXX object CMakeFiles/turtlesim__rosidl_typesupport_fastrtps_c.dir/rosidl_typesupport_fastrtps_c/turtlesim/srv/detail/set_pen__type_support_c.cpp.o[0m
[15.687s] [ 68%] [32mBuilding CXX object CMakeFiles/turtlesim__rosidl_typesupport_fastrtps_c.dir/rosidl_typesupport_fastrtps_c/turtlesim/srv/detail/spawn__type_support_c.cpp.o[0m
[15.687s] [ 69%] [32mBuilding CXX object CMakeFiles/turtlesim__rosidl_typesupport_fastrtps_c.dir/rosidl_typesupport_fastrtps_c/turtlesim/srv/detail/kill__type_support_c.cpp.o[0m
[15.696s] [ 70%] [32mBuilding CXX object CMakeFiles/turtlesim__rosidl_typesupport_fastrtps_c.dir/rosidl_typesupport_fastrtps_c/turtlesim/srv/detail/teleport_relative__type_support_c.cpp.o[0m
[16.299s] [ 71%] [32m[1mLinking CXX shared library libturtlesim__rosidl_typesupport_fastrtps_c.so[0m
[16.447s] [ 71%] Built target turtlesim__rosidl_typesupport_fastrtps_c
[16.456s] [35m[1mScanning dependencies of target turtlesim[0m
[16.465s] [ 71%] Built target turtlesim
[16.474s] [ 72%] [34m[1mGenerating include/turtlesim/moc_turtle_frame.cpp[0m
[16.475s] [35m[1mScanning dependencies of target turtle_teleop_key[0m
[16.475s] [35m[1mScanning dependencies of target turtlesim__py[0m
[16.477s] [35m[1mScanning dependencies of target mimic[0m
[16.477s] [35m[1mScanning dependencies of target draw_square[0m
[16.484s] [ 73%] [34m[1mGenerating Python code for ROS interfaces[0m
[16.559s] [35m[1mScanning dependencies of target turtlesim_node[0m
[16.599s] [ 74%] [32mBuilding CXX object CMakeFiles/draw_square.dir/tutorials/draw_square.cpp.o[0m
[16.600s] [ 75%] [32mBuilding CXX object CMakeFiles/mimic.dir/tutorials/mimic.cpp.o[0m
[16.601s] [ 76%] [32mBuilding CXX object CMakeFiles/turtle_teleop_key.dir/tutorials/teleop_turtle_key.cpp.o[0m
[16.637s] [ 78%] [32mBuilding CXX object CMakeFiles/turtlesim_node.dir/src/turtlesim.cpp.o[0m
[16.638s] [ 78%] [32mBuilding CXX object CMakeFiles/turtlesim_node.dir/src/turtle.cpp.o[0m
[16.638s] [ 79%] [32mBuilding CXX object CMakeFiles/turtlesim_node.dir/src/turtle_frame.cpp.o[0m
[16.645s] [ 80%] [32mBuilding CXX object CMakeFiles/turtlesim_node.dir/include/turtlesim/moc_turtle_frame.cpp.o[0m
[20.040s] [ 80%] Built target turtlesim__py
[20.056s] [35m[1mScanning dependencies of target turtlesim__python[0m
[20.150s] [ 81%] [32mBuilding C object CMakeFiles/turtlesim__python.dir/rosidl_generator_py/turtlesim/action/_rotate_absolute_s.c.o[0m
[20.375s] [ 82%] [32mBuilding C object CMakeFiles/turtlesim__python.dir/rosidl_generator_py/turtlesim/msg/_color_s.c.o[0m
[20.512s] [ 83%] [32mBuilding C object CMakeFiles/turtlesim__python.dir/rosidl_generator_py/turtlesim/msg/_pose_s.c.o[0m
[20.654s] [ 84%] [32mBuilding C object CMakeFiles/turtlesim__python.dir/rosidl_generator_py/turtlesim/srv/_kill_s.c.o[0m
[20.790s] [ 85%] [32mBuilding C object CMakeFiles/turtlesim__python.dir/rosidl_generator_py/turtlesim/srv/_set_pen_s.c.o[0m
[20.939s] [ 86%] [32mBuilding C object CMakeFiles/turtlesim__python.dir/rosidl_generator_py/turtlesim/srv/_spawn_s.c.o[0m
[21.095s] [ 87%] [32mBuilding C object CMakeFiles/turtlesim__python.dir/rosidl_generator_py/turtlesim/srv/_teleport_absolute_s.c.o[0m
[21.247s] [ 88%] [32mBuilding C object CMakeFiles/turtlesim__python.dir/rosidl_generator_py/turtlesim/srv/_teleport_relative_s.c.o[0m
[21.395s] [ 89%] [32m[1mLinking C shared library rosidl_generator_py/turtlesim/libturtlesim__python.so[0m
[21.570s] [ 89%] Built target turtlesim__python
[21.585s] [35m[1mScanning dependencies of target turtlesim__rosidl_typesupport_introspection_c__pyext[0m
[21.632s] [ 90%] [32mBuilding C object CMakeFiles/turtlesim__rosidl_typesupport_introspection_c__pyext.dir/rosidl_generator_py/turtlesim/_turtlesim_s.ep.rosidl_typesupport_introspection_c.c.o[0m
[21.652s] [35m[1mScanning dependencies of target turtlesim__rosidl_typesupport_fastrtps_c__pyext[0m
[21.701s] [ 91%] [32mBuilding C object CMakeFiles/turtlesim__rosidl_typesupport_fastrtps_c__pyext.dir/rosidl_generator_py/turtlesim/_turtlesim_s.ep.rosidl_typesupport_fastrtps_c.c.o[0m
[21.904s] [ 92%] [32m[1mLinking C shared library rosidl_generator_py/turtlesim/turtlesim_s__rosidl_typesupport_introspection_c.cpython-38-x86_64-linux-gnu.so[0m
[21.940s] [ 93%] [32m[1mLinking CXX shared library rosidl_generator_py/turtlesim/turtlesim_s__rosidl_typesupport_fastrtps_c.cpython-38-x86_64-linux-gnu.so[0m
[21.952s] [35m[1mScanning dependencies of target turtlesim__rosidl_typesupport_c__pyext[0m
[21.983s] [ 94%] [32mBuilding C object CMakeFiles/turtlesim__rosidl_typesupport_c__pyext.dir/rosidl_generator_py/turtlesim/_turtlesim_s.ep.rosidl_typesupport_c.c.o[0m
[22.096s] [ 94%] Built target turtlesim__rosidl_typesupport_introspection_c__pyext
[22.159s] [ 94%] Built target turtlesim__rosidl_typesupport_fastrtps_c__pyext
[22.228s] [ 95%] [32m[1mLinking C shared library rosidl_generator_py/turtlesim/turtlesim_s__rosidl_typesupport_c.cpython-38-x86_64-linux-gnu.so[0m
[22.376s] [ 95%] Built target turtlesim__rosidl_typesupport_c__pyext
[24.411s] [ 96%] [32m[1mLinking CXX executable turtle_teleop_key[0m
[24.934s] [ 96%] Built target turtle_teleop_key
[26.282s] [ 97%] [32m[1mLinking CXX executable mimic[0m
[26.808s] [ 97%] Built target mimic
[27.723s] [ 98%] [32m[1mLinking CXX executable draw_square[0m
[28.178s] [ 98%] Built target draw_square
[29.747s] [100%] [32m[1mLinking CXX executable turtlesim_node[0m
[31.632s] [100%] Built target turtlesim_node
[31.645s] Invoked command in '/home/pedroportela/Linux/ros/build/turtlesim' returned '0': CMAKE_PREFIX_PATH=/opt/ros/foxy /usr/bin/cmake --build /home/pedroportela/Linux/ros/build/turtlesim -- -j8 -l8
[31.772s] Invoking command in '/home/pedroportela/Linux/ros/build/turtlesim': CMAKE_PREFIX_PATH=/opt/ros/foxy /usr/bin/cmake --install /home/pedroportela/Linux/ros/build/turtlesim
[31.779s] -- Install configuration: ""
[31.779s] -- Installing: /home/pedroportela/Linux/ros/install/turtlesim/share/ament_index/resource_index/rosidl_interfaces/turtlesim
[31.779s] -- Installing: /home/pedroportela/Linux/ros/install/turtlesim/include/turtlesim
[31.779s] -- Installing: /home/pedroportela/Linux/ros/install/turtlesim/include/turtlesim/srv
[31.779s] -- Installing: /home/pedroportela/Linux/ros/install/turtlesim/include/turtlesim/srv/kill.h
[31.780s] -- Installing: /home/pedroportela/Linux/ros/install/turtlesim/include/turtlesim/srv/teleport_absolute.h
[31.780s] -- Installing: /home/pedroportela/Linux/ros/install/turtlesim/include/turtlesim/srv/spawn.h
[31.780s] -- Installing: /home/pedroportela/Linux/ros/install/turtlesim/include/turtlesim/srv/set_pen.h
[31.781s] -- Installing: /home/pedroportela/Linux/ros/install/turtlesim/include/turtlesim/srv/detail
[31.781s] -- Installing: /home/pedroportela/Linux/ros/install/turtlesim/include/turtlesim/srv/detail/teleport_absolute__functions.h
[31.781s] -- Installing: /home/pedroportela/Linux/ros/install/turtlesim/include/turtlesim/srv/detail/spawn__type_support.h
[31.781s] -- Installing: /home/pedroportela/Linux/ros/install/turtlesim/include/turtlesim/srv/detail/teleport_relative__type_support.h
[31.781s] -- Installing: /home/pedroportela/Linux/ros/install/turtlesim/include/turtlesim/srv/detail/teleport_absolute__type_support.h
[31.782s] -- Installing: /home/pedroportela/Linux/ros/install/turtlesim/include/turtlesim/srv/detail/set_pen__struct.h
[31.782s] -- Installing: /home/pedroportela/Linux/ros/install/turtlesim/include/turtlesim/srv/detail/kill__struct.h
[31.782s] -- Installing: /home/pedroportela/Linux/ros/install/turtlesim/include/turtlesim/srv/detail/teleport_relative__functions.h
[31.782s] -- Installing: /home/pedroportela/Linux/ros/install/turtlesim/include/turtlesim/srv/detail/teleport_absolute__functions.c
[31.782s] -- Installing: /home/pedroportela/Linux/ros/install/turtlesim/include/turtlesim/srv/detail/teleport_absolute__struct.h
[31.782s] -- Installing: /home/pedroportela/Linux/ros/install/turtlesim/include/turtlesim/srv/detail/spawn__functions.c
[31.783s] -- Installing: /home/pedroportela/Linux/ros/install/turtlesim/include/turtlesim/srv/detail/teleport_relative__functions.c
[31.783s] -- Installing: /home/pedroportela/Linux/ros/install/turtlesim/include/turtlesim/srv/detail/spawn__struct.h
[31.783s] -- Installing: /home/pedroportela/Linux/ros/install/turtlesim/include/turtlesim/srv/detail/teleport_relative__struct.h
[31.783s] -- Installing: /home/pedroportela/Linux/ros/install/turtlesim/include/turtlesim/srv/detail/kill__functions.h
[31.783s] -- Installing: /home/pedroportela/Linux/ros/install/turtlesim/include/turtlesim/srv/detail/kill__type_support.h
[31.783s] -- Installing: /home/pedroportela/Linux/ros/install/turtlesim/include/turtlesim/srv/detail/set_pen__functions.c
[31.783s] -- Installing: /home/pedroportela/Linux/ros/install/turtlesim/include/turtlesim/srv/detail/set_pen__type_support.h
[31.784s] -- Installing: /home/pedroportela/Linux/ros/install/turtlesim/include/turtlesim/srv/detail/set_pen__functions.h
[31.784s] -- Installing: /home/pedroportela/Linux/ros/install/turtlesim/include/turtlesim/srv/detail/spawn__functions.h
[31.784s] -- Installing: /home/pedroportela/Linux/ros/install/turtlesim/include/turtlesim/srv/detail/kill__functions.c
[31.784s] -- Installing: /home/pedroportela/Linux/ros/install/turtlesim/include/turtlesim/srv/teleport_relative.h
[31.784s] -- Installing: /home/pedroportela/Linux/ros/install/turtlesim/include/turtlesim/msg
[31.784s] -- Installing: /home/pedroportela/Linux/ros/install/turtlesim/include/turtlesim/msg/pose.h
[31.784s] -- Installing: /home/pedroportela/Linux/ros/install/turtlesim/include/turtlesim/msg/color.h
[31.785s] -- Installing: /home/pedroportela/Linux/ros/install/turtlesim/include/turtlesim/msg/rosidl_generator_c__visibility_control.h
[31.785s] -- Installing: /home/pedroportela/Linux/ros/install/turtlesim/include/turtlesim/msg/detail
[31.785s] -- Installing: /home/pedroportela/Linux/ros/install/turtlesim/include/turtlesim/msg/detail/pose__functions.h
[31.785s] -- Installing: /home/pedroportela/Linux/ros/install/turtlesim/include/turtlesim/msg/detail/pose__struct.h
[31.785s] -- Installing: /home/pedroportela/Linux/ros/install/turtlesim/include/turtlesim/msg/detail/color__struct.h
[31.786s] -- Installing: /home/pedroportela/Linux/ros/install/turtlesim/include/turtlesim/msg/detail/pose__functions.c
[31.786s] -- Installing: /home/pedroportela/Linux/ros/install/turtlesim/include/turtlesim/msg/detail/color__functions.h
[31.786s] -- Installing: /home/pedroportela/Linux/ros/install/turtlesim/include/turtlesim/msg/detail/color__functions.c
[31.786s] -- Installing: /home/pedroportela/Linux/ros/install/turtlesim/include/turtlesim/msg/detail/color__type_support.h
[31.786s] -- Installing: /home/pedroportela/Linux/ros/install/turtlesim/include/turtlesim/msg/detail/pose__type_support.h
[31.786s] -- Installing: /home/pedroportela/Linux/ros/install/turtlesim/include/turtlesim/action
[31.787s] -- Installing: /home/pedroportela/Linux/ros/install/turtlesim/include/turtlesim/action/rotate_absolute.h
[31.787s] -- Installing: /home/pedroportela/Linux/ros/install/turtlesim/include/turtlesim/action/detail
[31.787s] -- Installing: /home/pedroportela/Linux/ros/install/turtlesim/include/turtlesim/action/detail/rotate_absolute__functions.c
[31.787s] -- Installing: /home/pedroportela/Linux/ros/install/turtlesim/include/turtlesim/action/detail/rotate_absolute__type_support.h
[31.787s] -- Installing: /home/pedroportela/Linux/ros/install/turtlesim/include/turtlesim/action/detail/rotate_absolute__functions.h
[31.788s] -- Installing: /home/pedroportela/Linux/ros/install/turtlesim/include/turtlesim/action/detail/rotate_absolute__struct.h
[31.788s] -- Installing: /home/pedroportela/Linux/ros/install/turtlesim/share/turtlesim/environment/library_path.sh
[31.788s] -- Installing: /home/pedroportela/Linux/ros/install/turtlesim/share/turtlesim/environment/library_path.dsv
[31.788s] -- Installing: /home/pedroportela/Linux/ros/install/turtlesim/lib/libturtlesim__rosidl_generator_c.so
[31.788s] -- Set runtime path of "/home/pedroportela/Linux/ros/install/turtlesim/lib/libturtlesim__rosidl_generator_c.so" to ""
[31.789s] -- Up-to-date: /home/pedroportela/Linux/ros/install/turtlesim/include/turtlesim
[31.789s] -- Up-to-date: /home/pedroportela/Linux/ros/install/turtlesim/include/turtlesim/srv
[31.789s] -- Up-to-date: /home/pedroportela/Linux/ros/install/turtlesim/include/turtlesim/srv/detail
[31.789s] -- Installing: /home/pedroportela/Linux/ros/install/turtlesim/include/turtlesim/srv/detail/spawn__rosidl_typesupport_fastrtps_c.h
[31.789s] -- Installing: /home/pedroportela/Linux/ros/install/turtlesim/include/turtlesim/srv/detail/teleport_relative__rosidl_typesupport_fastrtps_c.h
[31.789s] -- Installing: /home/pedroportela/Linux/ros/install/turtlesim/include/turtlesim/srv/detail/kill__rosidl_typesupport_fastrtps_c.h
[31.789s] -- Installing: /home/pedroportela/Linux/ros/install/turtlesim/include/turtlesim/srv/detail/teleport_absolute__rosidl_typesupport_fastrtps_c.h
[31.790s] -- Installing: /home/pedroportela/Linux/ros/install/turtlesim/include/turtlesim/srv/detail/set_pen__rosidl_typesupport_fastrtps_c.h
[31.790s] -- Up-to-date: /home/pedroportela/Linux/ros/install/turtlesim/include/turtlesim/msg
[31.790s] -- Installing: /home/pedroportela/Linux/ros/install/turtlesim/include/turtlesim/msg/rosidl_typesupport_fastrtps_c__visibility_control.h
[31.790s] -- Up-to-date: /home/pedroportela/Linux/ros/install/turtlesim/include/turtlesim/msg/detail
[31.790s] -- Installing: /home/pedroportela/Linux/ros/install/turtlesim/include/turtlesim/msg/detail/color__rosidl_typesupport_fastrtps_c.h
[31.791s] -- Installing: /home/pedroportela/Linux/ros/install/turtlesim/include/turtlesim/msg/detail/pose__rosidl_typesupport_fastrtps_c.h
[31.791s] -- Up-to-date: /home/pedroportela/Linux/ros/install/turtlesim/include/turtlesim/action
[31.791s] -- Up-to-date: /home/pedroportela/Linux/ros/install/turtlesim/include/turtlesim/action/detail
[31.791s] -- Installing: /home/pedroportela/Linux/ros/install/turtlesim/include/turtlesim/action/detail/rotate_absolute__rosidl_typesupport_fastrtps_c.h
[31.791s] -- Installing: /home/pedroportela/Linux/ros/install/turtlesim/lib/libturtlesim__rosidl_typesupport_fastrtps_c.so
[31.791s] -- Set runtime path of "/home/pedroportela/Linux/ros/install/turtlesim/lib/libturtlesim__rosidl_typesupport_fastrtps_c.so" to ""
[31.791s] -- Up-to-date: /home/pedroportela/Linux/ros/install/turtlesim/include/turtlesim
[31.792s] -- Up-to-date: /home/pedroportela/Linux/ros/install/turtlesim/include/turtlesim/srv
[31.792s] -- Up-to-date: /home/pedroportela/Linux/ros/install/turtlesim/include/turtlesim/srv/detail
[31.792s] -- Installing: /home/pedroportela/Linux/ros/install/turtlesim/include/turtlesim/srv/detail/spawn__rosidl_typesupport_fastrtps_cpp.hpp
[31.792s] -- Installing: /home/pedroportela/Linux/ros/install/turtlesim/include/turtlesim/srv/detail/teleport_relative__rosidl_typesupport_fastrtps_cpp.hpp
[31.792s] -- Installing: /home/pedroportela/Linux/ros/install/turtlesim/include/turtlesim/srv/detail/teleport_absolute__rosidl_typesupport_fastrtps_cpp.hpp
[31.792s] -- Installing: /home/pedroportela/Linux/ros/install/turtlesim/include/turtlesim/srv/detail/dds_fastrtps
[31.792s] -- Installing: /home/pedroportela/Linux/ros/install/turtlesim/include/turtlesim/srv/detail/set_pen__rosidl_typesupport_fastrtps_cpp.hpp
[31.793s] -- Installing: /home/pedroportela/Linux/ros/install/turtlesim/include/turtlesim/srv/detail/kill__rosidl_typesupport_fastrtps_cpp.hpp
[31.793s] -- Up-to-date: /home/pedroportela/Linux/ros/install/turtlesim/include/turtlesim/msg
[31.793s] -- Installing: /home/pedroportela/Linux/ros/install/turtlesim/include/turtlesim/msg/rosidl_typesupport_fastrtps_cpp__visibility_control.h
[31.793s] -- Up-to-date: /home/pedroportela/Linux/ros/install/turtlesim/include/turtlesim/msg/detail
[31.793s] -- Installing: /home/pedroportela/Linux/ros/install/turtlesim/include/turtlesim/msg/detail/pose__rosidl_typesupport_fastrtps_cpp.hpp
[31.794s] -- Installing: /home/pedroportela/Linux/ros/install/turtlesim/include/turtlesim/msg/detail/dds_fastrtps
[31.794s] -- Installing: /home/pedroportela/Linux/ros/install/turtlesim/include/turtlesim/msg/detail/color__rosidl_typesupport_fastrtps_cpp.hpp
[31.794s] -- Up-to-date: /home/pedroportela/Linux/ros/install/turtlesim/include/turtlesim/action
[31.794s] -- Up-to-date: /home/pedroportela/Linux/ros/install/turtlesim/include/turtlesim/action/detail
[31.794s] -- Installing: /home/pedroportela/Linux/ros/install/turtlesim/include/turtlesim/action/detail/rotate_absolute__rosidl_typesupport_fastrtps_cpp.hpp
[31.795s] -- Installing: /home/pedroportela/Linux/ros/install/turtlesim/include/turtlesim/action/detail/dds_fastrtps
[31.795s] -- Installing: /home/pedroportela/Linux/ros/install/turtlesim/lib/libturtlesim__rosidl_typesupport_fastrtps_cpp.so
[31.795s] -- Set runtime path of "/home/pedroportela/Linux/ros/install/turtlesim/lib/libturtlesim__rosidl_typesupport_fastrtps_cpp.so" to ""
[31.795s] -- Up-to-date: /home/pedroportela/Linux/ros/install/turtlesim/include/turtlesim
[31.795s] -- Up-to-date: /home/pedroportela/Linux/ros/install/turtlesim/include/turtlesim/srv
[31.795s] -- Up-to-date: /home/pedroportela/Linux/ros/install/turtlesim/include/turtlesim/srv/detail
[31.795s] -- Installing: /home/pedroportela/Linux/ros/install/turtlesim/include/turtlesim/srv/detail/set_pen__type_support.c
[31.795s] -- Installing: /home/pedroportela/Linux/ros/install/turtlesim/include/turtlesim/srv/detail/kill__rosidl_typesupport_introspection_c.h
[31.795s] -- Installing: /home/pedroportela/Linux/ros/install/turtlesim/include/turtlesim/srv/detail/teleport_absolute__rosidl_typesupport_introspection_c.h
[31.795s] -- Installing: /home/pedroportela/Linux/ros/install/turtlesim/include/turtlesim/srv/detail/spawn__type_support.c
[31.795s] -- Installing: /home/pedroportela/Linux/ros/install/turtlesim/include/turtlesim/srv/detail/set_pen__rosidl_typesupport_introspection_c.h
[31.796s] -- Installing: /home/pedroportela/Linux/ros/install/turtlesim/include/turtlesim/srv/detail/teleport_absolute__type_support.c
[31.796s] -- Installing: /home/pedroportela/Linux/ros/install/turtlesim/include/turtlesim/srv/detail/teleport_relative__type_support.c
[31.796s] -- Installing: /home/pedroportela/Linux/ros/install/turtlesim/include/turtlesim/srv/detail/spawn__rosidl_typesupport_introspection_c.h
[31.796s] -- Installing: /home/pedroportela/Linux/ros/install/turtlesim/include/turtlesim/srv/detail/teleport_relative__rosidl_typesupport_introspection_c.h
[31.796s] -- Installing: /home/pedroportela/Linux/ros/install/turtlesim/include/turtlesim/srv/detail/kill__type_support.c
[31.796s] -- Up-to-date: /home/pedroportela/Linux/ros/install/turtlesim/include/turtlesim/msg
[31.796s] -- Installing: /home/pedroportela/Linux/ros/install/turtlesim/include/turtlesim/msg/rosidl_typesupport_introspection_c__visibility_control.h
[31.796s] -- Up-to-date: /home/pedroportela/Linux/ros/install/turtlesim/include/turtlesim/msg/detail
[31.796s] -- Installing: /home/pedroportela/Linux/ros/install/turtlesim/include/turtlesim/msg/detail/color__type_support.c
[31.796s] -- Installing: /home/pedroportela/Linux/ros/install/turtlesim/include/turtlesim/msg/detail/pose__rosidl_typesupport_introspection_c.h
[31.796s] -- Installing: /home/pedroportela/Linux/ros/install/turtlesim/include/turtlesim/msg/detail/color__rosidl_typesupport_introspection_c.h
[31.796s] -- Installing: /home/pedroportela/Linux/ros/install/turtlesim/include/turtlesim/msg/detail/pose__type_support.c
[31.797s] -- Up-to-date: /home/pedroportela/Linux/ros/install/turtlesim/include/turtlesim/action
[31.797s] -- Up-to-date: /home/pedroportela/Linux/ros/install/turtlesim/include/turtlesim/action/detail
[31.797s] -- Installing: /home/pedroportela/Linux/ros/install/turtlesim/include/turtlesim/action/detail/rotate_absolute__type_support.c
[31.797s] -- Installing: /home/pedroportela/Linux/ros/install/turtlesim/include/turtlesim/action/detail/rotate_absolute__rosidl_typesupport_introspection_c.h
[31.797s] -- Installing: /home/pedroportela/Linux/ros/install/turtlesim/lib/libturtlesim__rosidl_typesupport_introspection_c.so
[31.797s] -- Set runtime path of "/home/pedroportela/Linux/ros/install/turtlesim/lib/libturtlesim__rosidl_typesupport_introspection_c.so" to ""
[31.797s] -- Installing: /home/pedroportela/Linux/ros/install/turtlesim/lib/libturtlesim__rosidl_typesupport_c.so
[31.797s] -- Set runtime path of "/home/pedroportela/Linux/ros/install/turtlesim/lib/libturtlesim__rosidl_typesupport_c.so" to ""
[31.797s] -- Up-to-date: /home/pedroportela/Linux/ros/install/turtlesim/include/turtlesim
[31.797s] -- Up-to-date: /home/pedroportela/Linux/ros/install/turtlesim/include/turtlesim/srv
[31.797s] -- Installing: /home/pedroportela/Linux/ros/install/turtlesim/include/turtlesim/srv/teleport_relative.hpp
[31.797s] -- Installing: /home/pedroportela/Linux/ros/install/turtlesim/include/turtlesim/srv/set_pen.hpp
[31.797s] -- Installing: /home/pedroportela/Linux/ros/install/turtlesim/include/turtlesim/srv/teleport_absolute.hpp
[31.797s] -- Installing: /home/pedroportela/Linux/ros/install/turtlesim/include/turtlesim/srv/spawn.hpp
[31.797s] -- Installing: /home/pedroportela/Linux/ros/install/turtlesim/include/turtlesim/srv/kill.hpp
[31.797s] -- Up-to-date: /home/pedroportela/Linux/ros/install/turtlesim/include/turtlesim/srv/detail
[31.797s] -- Installing: /home/pedroportela/Linux/ros/install/turtlesim/include/turtlesim/srv/detail/spawn__traits.hpp
[31.797s] -- Installing: /home/pedroportela/Linux/ros/install/turtlesim/include/turtlesim/srv/detail/spawn__builder.hpp
[31.797s] -- Installing: /home/pedroportela/Linux/ros/install/turtlesim/include/turtlesim/srv/detail/teleport_relative__struct.hpp
[31.798s] -- Installing: /home/pedroportela/Linux/ros/install/turtlesim/include/turtlesim/srv/detail/kill__struct.hpp
[31.798s] -- Installing: /home/pedroportela/Linux/ros/install/turtlesim/include/turtlesim/srv/detail/teleport_absolute__builder.hpp
[31.798s] -- Installing: /home/pedroportela/Linux/ros/install/turtlesim/include/turtlesim/srv/detail/teleport_absolute__traits.hpp
[31.798s] -- Installing: /home/pedroportela/Linux/ros/install/turtlesim/include/turtlesim/srv/detail/set_pen__struct.hpp
[31.798s] -- Installing: /home/pedroportela/Linux/ros/install/turtlesim/include/turtlesim/srv/detail/kill__traits.hpp
[31.798s] -- Installing: /home/pedroportela/Linux/ros/install/turtlesim/include/turtlesim/srv/detail/kill__builder.hpp
[31.798s] -- Installing: /home/pedroportela/Linux/ros/install/turtlesim/include/turtlesim/srv/detail/spawn__struct.hpp
[31.798s] -- Installing: /home/pedroportela/Linux/ros/install/turtlesim/include/turtlesim/srv/detail/set_pen__traits.hpp
[31.798s] -- Installing: /home/pedroportela/Linux/ros/install/turtlesim/include/turtlesim/srv/detail/teleport_relative__traits.hpp
[31.798s] -- Installing: /home/pedroportela/Linux/ros/install/turtlesim/include/turtlesim/srv/detail/teleport_relative__builder.hpp
[31.798s] -- Installing: /home/pedroportela/Linux/ros/install/turtlesim/include/turtlesim/srv/detail/teleport_absolute__struct.hpp
[31.798s] -- Installing: /home/pedroportela/Linux/ros/install/turtlesim/include/turtlesim/srv/detail/set_pen__builder.hpp
[31.798s] -- Up-to-date: /home/pedroportela/Linux/ros/install/turtlesim/include/turtlesim/msg
[31.798s] -- Installing: /home/pedroportela/Linux/ros/install/turtlesim/include/turtlesim/msg/pose.hpp
[31.798s] -- Up-to-date: /home/pedroportela/Linux/ros/install/turtlesim/include/turtlesim/msg/detail
[31.798s] -- Installing: /home/pedroportela/Linux/ros/install/turtlesim/include/turtlesim/msg/detail/pose__traits.hpp
[31.798s] -- Installing: /home/pedroportela/Linux/ros/install/turtlesim/include/turtlesim/msg/detail/pose__builder.hpp
[31.798s] -- Installing: /home/pedroportela/Linux/ros/install/turtlesim/include/turtlesim/msg/detail/color__struct.hpp
[31.799s] -- Installing: /home/pedroportela/Linux/ros/install/turtlesim/include/turtlesim/msg/detail/color__traits.hpp
[31.799s] -- Installing: /home/pedroportela/Linux/ros/install/turtlesim/include/turtlesim/msg/detail/pose__struct.hpp
[31.799s] -- Installing: /home/pedroportela/Linux/ros/install/turtlesim/include/turtlesim/msg/detail/color__builder.hpp
[31.799s] -- Installing: /home/pedroportela/Linux/ros/install/turtlesim/include/turtlesim/msg/color.hpp
[31.799s] -- Up-to-date: /home/pedroportela/Linux/ros/install/turtlesim/include/turtlesim/action
[31.799s] -- Installing: /home/pedroportela/Linux/ros/install/turtlesim/include/turtlesim/action/rotate_absolute.hpp
[31.799s] -- Up-to-date: /home/pedroportela/Linux/ros/install/turtlesim/include/turtlesim/action/detail
[31.799s] -- Installing: /home/pedroportela/Linux/ros/install/turtlesim/include/turtlesim/action/detail/rotate_absolute__traits.hpp
[31.799s] -- Installing: /home/pedroportela/Linux/ros/install/turtlesim/include/turtlesim/action/detail/rotate_absolute__struct.hpp
[31.799s] -- Installing: /home/pedroportela/Linux/ros/install/turtlesim/include/turtlesim/action/detail/rotate_absolute__builder.hpp
[31.799s] -- Up-to-date: /home/pedroportela/Linux/ros/install/turtlesim/include/turtlesim
[31.799s] -- Up-to-date: /home/pedroportela/Linux/ros/install/turtlesim/include/turtlesim/srv
[31.799s] -- Up-to-date: /home/pedroportela/Linux/ros/install/turtlesim/include/turtlesim/srv/detail
[31.799s] -- Installing: /home/pedroportela/Linux/ros/install/turtlesim/include/turtlesim/srv/detail/kill__type_support.cpp
[31.799s] -- Installing: /home/pedroportela/Linux/ros/install/turtlesim/include/turtlesim/srv/detail/set_pen__type_support.cpp
[31.799s] -- Installing: /home/pedroportela/Linux/ros/install/turtlesim/include/turtlesim/srv/detail/spawn__type_support.cpp
[31.799s] -- Installing: /home/pedroportela/Linux/ros/install/turtlesim/include/turtlesim/srv/detail/teleport_relative__type_support.cpp
[31.799s] -- Installing: /home/pedroportela/Linux/ros/install/turtlesim/include/turtlesim/srv/detail/teleport_absolute__type_support.cpp
[31.799s] -- Installing: /home/pedroportela/Linux/ros/install/turtlesim/include/turtlesim/srv/detail/teleport_absolute__rosidl_typesupport_introspection_cpp.hpp
[31.800s] -- Installing: /home/pedroportela/Linux/ros/install/turtlesim/include/turtlesim/srv/detail/set_pen__rosidl_typesupport_introspection_cpp.hpp
[31.800s] -- Installing: /home/pedroportela/Linux/ros/install/turtlesim/include/turtlesim/srv/detail/kill__rosidl_typesupport_introspection_cpp.hpp
[31.800s] -- Installing: /home/pedroportela/Linux/ros/install/turtlesim/include/turtlesim/srv/detail/spawn__rosidl_typesupport_introspection_cpp.hpp
[31.800s] -- Installing: /home/pedroportela/Linux/ros/install/turtlesim/include/turtlesim/srv/detail/teleport_relative__rosidl_typesupport_introspection_cpp.hpp
[31.800s] -- Up-to-date: /home/pedroportela/Linux/ros/install/turtlesim/include/turtlesim/msg
[31.800s] -- Up-to-date: /home/pedroportela/Linux/ros/install/turtlesim/include/turtlesim/msg/detail
[31.800s] -- Installing: /home/pedroportela/Linux/ros/install/turtlesim/include/turtlesim/msg/detail/color__rosidl_typesupport_introspection_cpp.hpp
[31.800s] -- Installing: /home/pedroportela/Linux/ros/install/turtlesim/include/turtlesim/msg/detail/pose__rosidl_typesupport_introspection_cpp.hpp
[31.800s] -- Installing: /home/pedroportela/Linux/ros/install/turtlesim/include/turtlesim/msg/detail/color__type_support.cpp
[31.800s] -- Installing: /home/pedroportela/Linux/ros/install/turtlesim/include/turtlesim/msg/detail/pose__type_support.cpp
[31.800s] -- Up-to-date: /home/pedroportela/Linux/ros/install/turtlesim/include/turtlesim/action
[31.800s] -- Up-to-date: /home/pedroportela/Linux/ros/install/turtlesim/include/turtlesim/action/detail
[31.800s] -- Installing: /home/pedroportela/Linux/ros/install/turtlesim/include/turtlesim/action/detail/rotate_absolute__rosidl_typesupport_introspection_cpp.hpp
[31.800s] -- Installing: /home/pedroportela/Linux/ros/install/turtlesim/include/turtlesim/action/detail/rotate_absolute__type_support.cpp
[31.800s] -- Installing: /home/pedroportela/Linux/ros/install/turtlesim/lib/libturtlesim__rosidl_typesupport_introspection_cpp.so
[31.800s] -- Set runtime path of "/home/pedroportela/Linux/ros/install/turtlesim/lib/libturtlesim__rosidl_typesupport_introspection_cpp.so" to ""
[31.800s] -- Installing: /home/pedroportela/Linux/ros/install/turtlesim/lib/libturtlesim__rosidl_typesupport_cpp.so
[31.800s] -- Set runtime path of "/home/pedroportela/Linux/ros/install/turtlesim/lib/libturtlesim__rosidl_typesupport_cpp.so" to ""
[31.801s] -- Installing: /home/pedroportela/Linux/ros/install/turtlesim/share/turtlesim/environment/pythonpath.sh
[31.801s] -- Installing: /home/pedroportela/Linux/ros/install/turtlesim/share/turtlesim/environment/pythonpath.dsv
[31.801s] -- Installing: /home/pedroportela/Linux/ros/install/turtlesim/lib/python3.8/site-packages/turtlesim/__init__.py
[31.823s] Compiling '/home/pedroportela/Linux/ros/install/turtlesim/lib/python3.8/site-packages/turtlesim/__init__.py'...
[31.828s] -- Installing: /home/pedroportela/Linux/ros/install/turtlesim/lib/python3.8/site-packages/turtlesim/action
[31.828s] -- Installing: /home/pedroportela/Linux/ros/install/turtlesim/lib/python3.8/site-packages/turtlesim/action/_rotate_absolute.py
[31.828s] -- Installing: /home/pedroportela/Linux/ros/install/turtlesim/lib/python3.8/site-packages/turtlesim/action/_rotate_absolute_s.c
[31.828s] -- Installing: /home/pedroportela/Linux/ros/install/turtlesim/lib/python3.8/site-packages/turtlesim/action/__init__.py
[31.828s] -- Installing: /home/pedroportela/Linux/ros/install/turtlesim/lib/python3.8/site-packages/turtlesim/msg
[31.829s] -- Installing: /home/pedroportela/Linux/ros/install/turtlesim/lib/python3.8/site-packages/turtlesim/msg/_pose_s.c
[31.829s] -- Installing: /home/pedroportela/Linux/ros/install/turtlesim/lib/python3.8/site-packages/turtlesim/msg/_color.py
[31.829s] -- Installing: /home/pedroportela/Linux/ros/install/turtlesim/lib/python3.8/site-packages/turtlesim/msg/_pose.py
[31.829s] -- Installing: /home/pedroportela/Linux/ros/install/turtlesim/lib/python3.8/site-packages/turtlesim/msg/_color_s.c
[31.829s] -- Installing: /home/pedroportela/Linux/ros/install/turtlesim/lib/python3.8/site-packages/turtlesim/msg/__init__.py
[31.830s] -- Installing: /home/pedroportela/Linux/ros/install/turtlesim/lib/python3.8/site-packages/turtlesim/srv
[31.830s] -- Installing: /home/pedroportela/Linux/ros/install/turtlesim/lib/python3.8/site-packages/turtlesim/srv/_spawn.py
[31.830s] -- Installing: /home/pedroportela/Linux/ros/install/turtlesim/lib/python3.8/site-packages/turtlesim/srv/_spawn_s.c
[31.830s] -- Installing: /home/pedroportela/Linux/ros/install/turtlesim/lib/python3.8/site-packages/turtlesim/srv/_teleport_absolute_s.c
[31.830s] -- Installing: /home/pedroportela/Linux/ros/install/turtlesim/lib/python3.8/site-packages/turtlesim/srv/_set_pen_s.c
[31.831s] -- Installing: /home/pedroportela/Linux/ros/install/turtlesim/lib/python3.8/site-packages/turtlesim/srv/_teleport_relative.py
[31.831s] -- Installing: /home/pedroportela/Linux/ros/install/turtlesim/lib/python3.8/site-packages/turtlesim/srv/_teleport_relative_s.c
[31.831s] -- Installing: /home/pedroportela/Linux/ros/install/turtlesim/lib/python3.8/site-packages/turtlesim/srv/_kill_s.c
[31.831s] -- Installing: /home/pedroportela/Linux/ros/install/turtlesim/lib/python3.8/site-packages/turtlesim/srv/_kill.py
[31.831s] -- Installing: /home/pedroportela/Linux/ros/install/turtlesim/lib/python3.8/site-packages/turtlesim/srv/_set_pen.py
[31.831s] -- Installing: /home/pedroportela/Linux/ros/install/turtlesim/lib/python3.8/site-packages/turtlesim/srv/_teleport_absolute.py
[31.832s] -- Installing: /home/pedroportela/Linux/ros/install/turtlesim/lib/python3.8/site-packages/turtlesim/srv/__init__.py
[31.832s] -- Installing: /home/pedroportela/Linux/ros/install/turtlesim/lib/python3.8/site-packages/turtlesim/turtlesim_s__rosidl_typesupport_fastrtps_c.cpython-38-x86_64-linux-gnu.so
[31.832s] -- Set runtime path of "/home/pedroportela/Linux/ros/install/turtlesim/lib/python3.8/site-packages/turtlesim/turtlesim_s__rosidl_typesupport_fastrtps_c.cpython-38-x86_64-linux-gnu.so" to ""
[31.832s] -- Installing: /home/pedroportela/Linux/ros/install/turtlesim/lib/python3.8/site-packages/turtlesim/turtlesim_s__rosidl_typesupport_introspection_c.cpython-38-x86_64-linux-gnu.so
[31.832s] -- Set runtime path of "/home/pedroportela/Linux/ros/install/turtlesim/lib/python3.8/site-packages/turtlesim/turtlesim_s__rosidl_typesupport_introspection_c.cpython-38-x86_64-linux-gnu.so" to ""
[31.832s] -- Installing: /home/pedroportela/Linux/ros/install/turtlesim/lib/python3.8/site-packages/turtlesim/turtlesim_s__rosidl_typesupport_c.cpython-38-x86_64-linux-gnu.so
[31.832s] -- Set runtime path of "/home/pedroportela/Linux/ros/install/turtlesim/lib/python3.8/site-packages/turtlesim/turtlesim_s__rosidl_typesupport_c.cpython-38-x86_64-linux-gnu.so" to ""
[31.833s] -- Installing: /home/pedroportela/Linux/ros/install/turtlesim/lib/libturtlesim__python.so
[31.833s] -- Set runtime path of "/home/pedroportela/Linux/ros/install/turtlesim/lib/libturtlesim__python.so" to ""
[31.833s] -- Installing: /home/pedroportela/Linux/ros/install/turtlesim/share/turtlesim/action/RotateAbsolute.idl
[31.833s] -- Installing: /home/pedroportela/Linux/ros/install/turtlesim/share/turtlesim/msg/Color.idl
[31.833s] -- Installing: /home/pedroportela/Linux/ros/install/turtlesim/share/turtlesim/msg/Pose.idl
[31.834s] -- Installing: /home/pedroportela/Linux/ros/install/turtlesim/share/turtlesim/srv/Kill.idl
[31.834s] -- Installing: /home/pedroportela/Linux/ros/install/turtlesim/share/turtlesim/srv/SetPen.idl
[31.834s] -- Installing: /home/pedroportela/Linux/ros/install/turtlesim/share/turtlesim/srv/Spawn.idl
[31.834s] -- Installing: /home/pedroportela/Linux/ros/install/turtlesim/share/turtlesim/srv/TeleportAbsolute.idl
[31.834s] -- Installing: /home/pedroportela/Linux/ros/install/turtlesim/share/turtlesim/srv/TeleportRelative.idl
[31.834s] -- Installing: /home/pedroportela/Linux/ros/install/turtlesim/share/turtlesim/action/RotateAbsolute.action
[31.835s] -- Installing: /home/pedroportela/Linux/ros/install/turtlesim/share/turtlesim/msg/Color.msg
[31.835s] -- Installing: /home/pedroportela/Linux/ros/install/turtlesim/share/turtlesim/msg/Pose.msg
[31.835s] -- Installing: /home/pedroportela/Linux/ros/install/turtlesim/share/turtlesim/srv/Kill.srv
[31.835s] -- Installing: /home/pedroportela/Linux/ros/install/turtlesim/share/turtlesim/srv/Kill_Request.msg
[31.835s] -- Installing: /home/pedroportela/Linux/ros/install/turtlesim/share/turtlesim/srv/Kill_Response.msg
[31.835s] -- Installing: /home/pedroportela/Linux/ros/install/turtlesim/share/turtlesim/srv/SetPen.srv
[31.835s] -- Installing: /home/pedroportela/Linux/ros/install/turtlesim/share/turtlesim/srv/SetPen_Request.msg
[31.835s] -- Installing: /home/pedroportela/Linux/ros/install/turtlesim/share/turtlesim/srv/SetPen_Response.msg
[31.835s] -- Installing: /home/pedroportela/Linux/ros/install/turtlesim/share/turtlesim/srv/Spawn.srv
[31.836s] -- Installing: /home/pedroportela/Linux/ros/install/turtlesim/share/turtlesim/srv/Spawn_Request.msg
[31.836s] -- Installing: /home/pedroportela/Linux/ros/install/turtlesim/share/turtlesim/srv/Spawn_Response.msg
[31.836s] -- Installing: /home/pedroportela/Linux/ros/install/turtlesim/share/turtlesim/srv/TeleportAbsolute.srv
[31.836s] -- Installing: /home/pedroportela/Linux/ros/install/turtlesim/share/turtlesim/srv/TeleportAbsolute_Request.msg
[31.836s] -- Installing: /home/pedroportela/Linux/ros/install/turtlesim/share/turtlesim/srv/TeleportAbsolute_Response.msg
[31.836s] -- Installing: /home/pedroportela/Linux/ros/install/turtlesim/share/turtlesim/srv/TeleportRelative.srv
[31.836s] -- Installing: /home/pedroportela/Linux/ros/install/turtlesim/share/turtlesim/srv/TeleportRelative_Request.msg
[31.836s] -- Installing: /home/pedroportela/Linux/ros/install/turtlesim/share/turtlesim/srv/TeleportRelative_Response.msg
[31.836s] -- Installing: /home/pedroportela/Linux/ros/install/turtlesim/lib/turtlesim/turtlesim_node
[31.838s] -- Set runtime path of "/home/pedroportela/Linux/ros/install/turtlesim/lib/turtlesim/turtlesim_node" to ""
[31.838s] -- Installing: /home/pedroportela/Linux/ros/install/turtlesim/lib/turtlesim/turtle_teleop_key
[31.839s] -- Set runtime path of "/home/pedroportela/Linux/ros/install/turtlesim/lib/turtlesim/turtle_teleop_key" to ""
[31.839s] -- Installing: /home/pedroportela/Linux/ros/install/turtlesim/lib/turtlesim/draw_square
[31.841s] -- Set runtime path of "/home/pedroportela/Linux/ros/install/turtlesim/lib/turtlesim/draw_square" to ""
[31.841s] -- Installing: /home/pedroportela/Linux/ros/install/turtlesim/lib/turtlesim/mimic
[31.842s] -- Set runtime path of "/home/pedroportela/Linux/ros/install/turtlesim/lib/turtlesim/mimic" to ""
[31.843s] -- Installing: /home/pedroportela/Linux/ros/install/turtlesim/share/turtlesim/images
[31.843s] -- Installing: /home/pedroportela/Linux/ros/install/turtlesim/share/turtlesim/images/bouncy.png
[31.843s] -- Installing: /home/pedroportela/Linux/ros/install/turtlesim/share/turtlesim/images/dashing.png
[31.843s] -- Installing: /home/pedroportela/Linux/ros/install/turtlesim/share/turtlesim/images/ardent.png
[31.843s] -- Installing: /home/pedroportela/Linux/ros/install/turtlesim/share/turtlesim/images/foxy.png
[31.843s] -- Installing: /home/pedroportela/Linux/ros/install/turtlesim/share/turtlesim/images/crystal.png
[31.844s] -- Installing: /home/pedroportela/Linux/ros/install/turtlesim/share/turtlesim/images/eloquent.png
[31.844s] -- Installing: /home/pedroportela/Linux/ros/install/turtlesim/share/turtlesim/launch
[31.844s] -- Installing: /home/pedroportela/Linux/ros/install/turtlesim/share/turtlesim/launch/multisim.launch.py
[31.844s] -- Installing: /home/pedroportela/Linux/ros/install/turtlesim/share/ament_index/resource_index/package_run_dependencies/turtlesim
[31.844s] -- Installing: /home/pedroportela/Linux/ros/install/turtlesim/share/ament_index/resource_index/parent_prefix_path/turtlesim
[31.845s] -- Installing: /home/pedroportela/Linux/ros/install/turtlesim/share/turtlesim/environment/ament_prefix_path.sh
[31.845s] -- Installing: /home/pedroportela/Linux/ros/install/turtlesim/share/turtlesim/environment/ament_prefix_path.dsv
[31.845s] -- Installing: /home/pedroportela/Linux/ros/install/turtlesim/share/turtlesim/environment/path.sh
[31.845s] -- Installing: /home/pedroportela/Linux/ros/install/turtlesim/share/turtlesim/environment/path.dsv
[31.845s] -- Installing: /home/pedroportela/Linux/ros/install/turtlesim/share/turtlesim/local_setup.bash
[31.845s] -- Installing: /home/pedroportela/Linux/ros/install/turtlesim/share/turtlesim/local_setup.sh
[31.845s] -- Installing: /home/pedroportela/Linux/ros/install/turtlesim/share/turtlesim/local_setup.zsh
[31.846s] -- Installing: /home/pedroportela/Linux/ros/install/turtlesim/share/turtlesim/local_setup.dsv
[31.846s] -- Installing: /home/pedroportela/Linux/ros/install/turtlesim/share/turtlesim/package.dsv
[31.846s] -- Installing: /home/pedroportela/Linux/ros/install/turtlesim/share/ament_index/resource_index/packages/turtlesim
[31.846s] -- Installing: /home/pedroportela/Linux/ros/install/turtlesim/share/turtlesim/cmake/turtlesim__rosidl_generator_cExport.cmake
[31.846s] -- Installing: /home/pedroportela/Linux/ros/install/turtlesim/share/turtlesim/cmake/turtlesim__rosidl_generator_cExport-noconfig.cmake
[31.846s] -- Installing: /home/pedroportela/Linux/ros/install/turtlesim/share/turtlesim/cmake/turtlesim__rosidl_typesupport_introspection_cExport.cmake
[31.846s] -- Installing: /home/pedroportela/Linux/ros/install/turtlesim/share/turtlesim/cmake/turtlesim__rosidl_typesupport_introspection_cExport-noconfig.cmake
[31.847s] -- Installing: /home/pedroportela/Linux/ros/install/turtlesim/share/turtlesim/cmake/turtlesim__rosidl_typesupport_cExport.cmake
[31.847s] -- Installing: /home/pedroportela/Linux/ros/install/turtlesim/share/turtlesim/cmake/turtlesim__rosidl_typesupport_cExport-noconfig.cmake
[31.847s] -- Installing: /home/pedroportela/Linux/ros/install/turtlesim/share/turtlesim/cmake/turtlesim__rosidl_generator_cppExport.cmake
[31.847s] -- Installing: /home/pedroportela/Linux/ros/install/turtlesim/share/turtlesim/cmake/turtlesim__rosidl_typesupport_introspection_cppExport.cmake
[31.847s] -- Installing: /home/pedroportela/Linux/ros/install/turtlesim/share/turtlesim/cmake/turtlesim__rosidl_typesupport_introspection_cppExport-noconfig.cmake
[31.847s] -- Installing: /home/pedroportela/Linux/ros/install/turtlesim/share/turtlesim/cmake/turtlesim__rosidl_typesupport_cppExport.cmake
[31.848s] -- Installing: /home/pedroportela/Linux/ros/install/turtlesim/share/turtlesim/cmake/turtlesim__rosidl_typesupport_cppExport-noconfig.cmake
[31.848s] -- Installing: /home/pedroportela/Linux/ros/install/turtlesim/share/turtlesim/cmake/rosidl_cmake-extras.cmake
[31.848s] -- Installing: /home/pedroportela/Linux/ros/install/turtlesim/share/turtlesim/cmake/ament_cmake_export_dependencies-extras.cmake
[31.848s] -- Installing: /home/pedroportela/Linux/ros/install/turtlesim/share/turtlesim/cmake/ament_cmake_export_libraries-extras.cmake
[31.848s] -- Installing: /home/pedroportela/Linux/ros/install/turtlesim/share/turtlesim/cmake/ament_cmake_export_targets-extras.cmake
[31.848s] -- Installing: /home/pedroportela/Linux/ros/install/turtlesim/share/turtlesim/cmake/ament_cmake_export_include_directories-extras.cmake
[31.848s] -- Installing: /home/pedroportela/Linux/ros/install/turtlesim/share/turtlesim/cmake/rosidl_cmake_export_typesupport_libraries-extras.cmake
[31.848s] -- Installing: /home/pedroportela/Linux/ros/install/turtlesim/share/turtlesim/cmake/rosidl_cmake_export_typesupport_targets-extras.cmake
[31.848s] -- Installing: /home/pedroportela/Linux/ros/install/turtlesim/share/turtlesim/cmake/turtlesimConfig.cmake
[31.848s] -- Installing: /home/pedroportela/Linux/ros/install/turtlesim/share/turtlesim/cmake/turtlesimConfig-version.cmake
[31.848s] -- Installing: /home/pedroportela/Linux/ros/install/turtlesim/share/turtlesim/package.xml
[31.850s] Invoked command in '/home/pedroportela/Linux/ros/build/turtlesim' returned '0': CMAKE_PREFIX_PATH=/opt/ros/foxy /usr/bin/cmake --install /home/pedroportela/Linux/ros/build/turtlesim
