[0.017s] Invoking command in '/home/pedroportela/Linux/ros/build/turtlesim': CMAKE_PREFIX_PATH=/opt/ros/foxy /usr/bin/cmake --build /home/pedroportela/Linux/ros/build/turtlesim -- -j8 -l8
[0.070s] [  1%] Built target turtlesim__cpp
[0.071s] [ 11%] Built target turtlesim__rosidl_generator_c
[0.092s] [ 26%] Built target turtlesim__rosidl_typesupport_introspection_cpp
[0.092s] [ 31%] Built target turtlesim__rosidl_typesupport_c
[0.093s] [ 41%] Built target turtlesim__rosidl_typesupport_cpp
[0.096s] [ 51%] Built target turtlesim__rosidl_typesupport_introspection_c
[0.098s] [ 61%] Built target turtlesim__rosidl_typesupport_fastrtps_cpp
[0.126s] [ 71%] Built target turtlesim__rosidl_typesupport_fastrtps_c
[0.144s] [ 71%] Built target turtlesim
[0.168s] [35m[1mScanning dependencies of target turtlesim_node[0m
[0.173s] [ 72%] Built target turtlesim__py
[0.173s] [ 74%] Built target draw_square
[0.174s] [ 76%] Built target mimic
[0.177s] [ 78%] Built target turtle_teleop_key
[0.199s] [ 87%] Built target turtlesim__python
[0.213s] [ 88%] [32mBuilding CXX object CMakeFiles/turtlesim_node.dir/src/turtle_frame.cpp.o[0m
[0.223s] [ 92%] Built target turtlesim__rosidl_typesupport_fastrtps_c__pyext
[0.224s] [ 92%] Built target turtlesim__rosidl_typesupport_introspection_c__pyext
[0.225s] [ 94%] Built target turtlesim__rosidl_typesupport_c__pyext
[7.517s] [ 95%] [32m[1mLinking CXX executable turtlesim_node[0m
[9.263s] [100%] Built target turtlesim_node
[9.274s] Invoked command in '/home/pedroportela/Linux/ros/build/turtlesim' returned '0': CMAKE_PREFIX_PATH=/opt/ros/foxy /usr/bin/cmake --build /home/pedroportela/Linux/ros/build/turtlesim -- -j8 -l8
[9.403s] Invoking command in '/home/pedroportela/Linux/ros/build/turtlesim': CMAKE_PREFIX_PATH=/opt/ros/foxy /usr/bin/cmake --install /home/pedroportela/Linux/ros/build/turtlesim
[9.410s] -- Install configuration: ""
[9.411s] -- Up-to-date: /home/pedroportela/Linux/ros/install/turtlesim/share/ament_index/resource_index/rosidl_interfaces/turtlesim
[9.411s] -- Up-to-date: /home/pedroportela/Linux/ros/install/turtlesim/include/turtlesim
[9.411s] -- Up-to-date: /home/pedroportela/Linux/ros/install/turtlesim/include/turtlesim/srv
[9.411s] -- Up-to-date: /home/pedroportela/Linux/ros/install/turtlesim/include/turtlesim/srv/kill.h
[9.412s] -- Up-to-date: /home/pedroportela/Linux/ros/install/turtlesim/include/turtlesim/srv/teleport_absolute.h
[9.412s] -- Up-to-date: /home/pedroportela/Linux/ros/install/turtlesim/include/turtlesim/srv/spawn.h
[9.412s] -- Up-to-date: /home/pedroportela/Linux/ros/install/turtlesim/include/turtlesim/srv/set_pen.h
[9.412s] -- Up-to-date: /home/pedroportela/Linux/ros/install/turtlesim/include/turtlesim/srv/detail
[9.412s] -- Up-to-date: /home/pedroportela/Linux/ros/install/turtlesim/include/turtlesim/srv/detail/teleport_absolute__functions.h
[9.412s] -- Up-to-date: /home/pedroportela/Linux/ros/install/turtlesim/include/turtlesim/srv/detail/spawn__type_support.h
[9.413s] -- Up-to-date: /home/pedroportela/Linux/ros/install/turtlesim/include/turtlesim/srv/detail/teleport_relative__type_support.h
[9.413s] -- Up-to-date: /home/pedroportela/Linux/ros/install/turtlesim/include/turtlesim/srv/detail/teleport_absolute__type_support.h
[9.413s] -- Up-to-date: /home/pedroportela/Linux/ros/install/turtlesim/include/turtlesim/srv/detail/set_pen__struct.h
[9.413s] -- Up-to-date: /home/pedroportela/Linux/ros/install/turtlesim/include/turtlesim/srv/detail/kill__struct.h
[9.413s] -- Up-to-date: /home/pedroportela/Linux/ros/install/turtlesim/include/turtlesim/srv/detail/teleport_relative__functions.h
[9.413s] -- Up-to-date: /home/pedroportela/Linux/ros/install/turtlesim/include/turtlesim/srv/detail/teleport_absolute__functions.c
[9.414s] -- Up-to-date: /home/pedroportela/Linux/ros/install/turtlesim/include/turtlesim/srv/detail/teleport_absolute__struct.h
[9.414s] -- Up-to-date: /home/pedroportela/Linux/ros/install/turtlesim/include/turtlesim/srv/detail/spawn__functions.c
[9.414s] -- Up-to-date: /home/pedroportela/Linux/ros/install/turtlesim/include/turtlesim/srv/detail/teleport_relative__functions.c
[9.414s] -- Up-to-date: /home/pedroportela/Linux/ros/install/turtlesim/include/turtlesim/srv/detail/spawn__struct.h
[9.414s] -- Up-to-date: /home/pedroportela/Linux/ros/install/turtlesim/include/turtlesim/srv/detail/teleport_relative__struct.h
[9.415s] -- Up-to-date: /home/pedroportela/Linux/ros/install/turtlesim/include/turtlesim/srv/detail/kill__functions.h
[9.415s] -- Up-to-date: /home/pedroportela/Linux/ros/install/turtlesim/include/turtlesim/srv/detail/kill__type_support.h
[9.415s] -- Up-to-date: /home/pedroportela/Linux/ros/install/turtlesim/include/turtlesim/srv/detail/set_pen__functions.c
[9.415s] -- Up-to-date: /home/pedroportela/Linux/ros/install/turtlesim/include/turtlesim/srv/detail/set_pen__type_support.h
[9.415s] -- Up-to-date: /home/pedroportela/Linux/ros/install/turtlesim/include/turtlesim/srv/detail/set_pen__functions.h
[9.415s] -- Up-to-date: /home/pedroportela/Linux/ros/install/turtlesim/include/turtlesim/srv/detail/spawn__functions.h
[9.416s] -- Up-to-date: /home/pedroportela/Linux/ros/install/turtlesim/include/turtlesim/srv/detail/kill__functions.c
[9.416s] -- Up-to-date: /home/pedroportela/Linux/ros/install/turtlesim/include/turtlesim/srv/teleport_relative.h
[9.416s] -- Up-to-date: /home/pedroportela/Linux/ros/install/turtlesim/include/turtlesim/msg
[9.416s] -- Up-to-date: /home/pedroportela/Linux/ros/install/turtlesim/include/turtlesim/msg/pose.h
[9.416s] -- Up-to-date: /home/pedroportela/Linux/ros/install/turtlesim/include/turtlesim/msg/color.h
[9.417s] -- Up-to-date: /home/pedroportela/Linux/ros/install/turtlesim/include/turtlesim/msg/rosidl_generator_c__visibility_control.h
[9.417s] -- Up-to-date: /home/pedroportela/Linux/ros/install/turtlesim/include/turtlesim/msg/detail
[9.417s] -- Up-to-date: /home/pedroportela/Linux/ros/install/turtlesim/include/turtlesim/msg/detail/pose__functions.h
[9.417s] -- Up-to-date: /home/pedroportela/Linux/ros/install/turtlesim/include/turtlesim/msg/detail/pose__struct.h
[9.417s] -- Up-to-date: /home/pedroportela/Linux/ros/install/turtlesim/include/turtlesim/msg/detail/color__struct.h
[9.417s] -- Up-to-date: /home/pedroportela/Linux/ros/install/turtlesim/include/turtlesim/msg/detail/pose__functions.c
[9.418s] -- Up-to-date: /home/pedroportela/Linux/ros/install/turtlesim/include/turtlesim/msg/detail/color__functions.h
[9.418s] -- Up-to-date: /home/pedroportela/Linux/ros/install/turtlesim/include/turtlesim/msg/detail/color__functions.c
[9.418s] -- Up-to-date: /home/pedroportela/Linux/ros/install/turtlesim/include/turtlesim/msg/detail/color__type_support.h
[9.418s] -- Up-to-date: /home/pedroportela/Linux/ros/install/turtlesim/include/turtlesim/msg/detail/pose__type_support.h
[9.418s] -- Up-to-date: /home/pedroportela/Linux/ros/install/turtlesim/include/turtlesim/action
[9.418s] -- Up-to-date: /home/pedroportela/Linux/ros/install/turtlesim/include/turtlesim/action/rotate_absolute.h
[9.419s] -- Up-to-date: /home/pedroportela/Linux/ros/install/turtlesim/include/turtlesim/action/detail
[9.419s] -- Up-to-date: /home/pedroportela/Linux/ros/install/turtlesim/include/turtlesim/action/detail/rotate_absolute__functions.c
[9.419s] -- Up-to-date: /home/pedroportela/Linux/ros/install/turtlesim/include/turtlesim/action/detail/rotate_absolute__type_support.h
[9.419s] -- Up-to-date: /home/pedroportela/Linux/ros/install/turtlesim/include/turtlesim/action/detail/rotate_absolute__functions.h
[9.419s] -- Up-to-date: /home/pedroportela/Linux/ros/install/turtlesim/include/turtlesim/action/detail/rotate_absolute__struct.h
[9.419s] -- Up-to-date: /home/pedroportela/Linux/ros/install/turtlesim/share/turtlesim/environment/library_path.sh
[9.419s] -- Up-to-date: /home/pedroportela/Linux/ros/install/turtlesim/share/turtlesim/environment/library_path.dsv
[9.419s] -- Up-to-date: /home/pedroportela/Linux/ros/install/turtlesim/lib/libturtlesim__rosidl_generator_c.so
[9.419s] -- Up-to-date: /home/pedroportela/Linux/ros/install/turtlesim/include/turtlesim
[9.419s] -- Up-to-date: /home/pedroportela/Linux/ros/install/turtlesim/include/turtlesim/srv
[9.419s] -- Up-to-date: /home/pedroportela/Linux/ros/install/turtlesim/include/turtlesim/srv/detail
[9.419s] -- Up-to-date: /home/pedroportela/Linux/ros/install/turtlesim/include/turtlesim/srv/detail/spawn__rosidl_typesupport_fastrtps_c.h
[9.419s] -- Up-to-date: /home/pedroportela/Linux/ros/install/turtlesim/include/turtlesim/srv/detail/teleport_relative__rosidl_typesupport_fastrtps_c.h
[9.419s] -- Up-to-date: /home/pedroportela/Linux/ros/install/turtlesim/include/turtlesim/srv/detail/kill__rosidl_typesupport_fastrtps_c.h
[9.419s] -- Up-to-date: /home/pedroportela/Linux/ros/install/turtlesim/include/turtlesim/srv/detail/teleport_absolute__rosidl_typesupport_fastrtps_c.h
[9.420s] -- Up-to-date: /home/pedroportela/Linux/ros/install/turtlesim/include/turtlesim/srv/detail/set_pen__rosidl_typesupport_fastrtps_c.h
[9.420s] -- Up-to-date: /home/pedroportela/Linux/ros/install/turtlesim/include/turtlesim/msg
[9.420s] -- Up-to-date: /home/pedroportela/Linux/ros/install/turtlesim/include/turtlesim/msg/rosidl_typesupport_fastrtps_c__visibility_control.h
[9.420s] -- Up-to-date: /home/pedroportela/Linux/ros/install/turtlesim/include/turtlesim/msg/detail
[9.420s] -- Up-to-date: /home/pedroportela/Linux/ros/install/turtlesim/include/turtlesim/msg/detail/color__rosidl_typesupport_fastrtps_c.h
[9.420s] -- Up-to-date: /home/pedroportela/Linux/ros/install/turtlesim/include/turtlesim/msg/detail/pose__rosidl_typesupport_fastrtps_c.h
[9.420s] -- Up-to-date: /home/pedroportela/Linux/ros/install/turtlesim/include/turtlesim/action
[9.420s] -- Up-to-date: /home/pedroportela/Linux/ros/install/turtlesim/include/turtlesim/action/detail
[9.420s] -- Up-to-date: /home/pedroportela/Linux/ros/install/turtlesim/include/turtlesim/action/detail/rotate_absolute__rosidl_typesupport_fastrtps_c.h
[9.420s] -- Up-to-date: /home/pedroportela/Linux/ros/install/turtlesim/lib/libturtlesim__rosidl_typesupport_fastrtps_c.so
[9.420s] -- Up-to-date: /home/pedroportela/Linux/ros/install/turtlesim/include/turtlesim
[9.420s] -- Up-to-date: /home/pedroportela/Linux/ros/install/turtlesim/include/turtlesim/srv
[9.420s] -- Up-to-date: /home/pedroportela/Linux/ros/install/turtlesim/include/turtlesim/srv/detail
[9.420s] -- Up-to-date: /home/pedroportela/Linux/ros/install/turtlesim/include/turtlesim/srv/detail/spawn__rosidl_typesupport_fastrtps_cpp.hpp
[9.420s] -- Up-to-date: /home/pedroportela/Linux/ros/install/turtlesim/include/turtlesim/srv/detail/teleport_relative__rosidl_typesupport_fastrtps_cpp.hpp
[9.420s] -- Up-to-date: /home/pedroportela/Linux/ros/install/turtlesim/include/turtlesim/srv/detail/teleport_absolute__rosidl_typesupport_fastrtps_cpp.hpp
[9.420s] -- Up-to-date: /home/pedroportela/Linux/ros/install/turtlesim/include/turtlesim/srv/detail/dds_fastrtps
[9.420s] -- Up-to-date: /home/pedroportela/Linux/ros/install/turtlesim/include/turtlesim/srv/detail/set_pen__rosidl_typesupport_fastrtps_cpp.hpp
[9.421s] -- Up-to-date: /home/pedroportela/Linux/ros/install/turtlesim/include/turtlesim/srv/detail/kill__rosidl_typesupport_fastrtps_cpp.hpp
[9.421s] -- Up-to-date: /home/pedroportela/Linux/ros/install/turtlesim/include/turtlesim/msg
[9.421s] -- Up-to-date: /home/pedroportela/Linux/ros/install/turtlesim/include/turtlesim/msg/rosidl_typesupport_fastrtps_cpp__visibility_control.h
[9.421s] -- Up-to-date: /home/pedroportela/Linux/ros/install/turtlesim/include/turtlesim/msg/detail
[9.421s] -- Up-to-date: /home/pedroportela/Linux/ros/install/turtlesim/include/turtlesim/msg/detail/pose__rosidl_typesupport_fastrtps_cpp.hpp
[9.421s] -- Up-to-date: /home/pedroportela/Linux/ros/install/turtlesim/include/turtlesim/msg/detail/dds_fastrtps
[9.421s] -- Up-to-date: /home/pedroportela/Linux/ros/install/turtlesim/include/turtlesim/msg/detail/color__rosidl_typesupport_fastrtps_cpp.hpp
[9.421s] -- Up-to-date: /home/pedroportela/Linux/ros/install/turtlesim/include/turtlesim/action
[9.421s] -- Up-to-date: /home/pedroportela/Linux/ros/install/turtlesim/include/turtlesim/action/detail
[9.421s] -- Up-to-date: /home/pedroportela/Linux/ros/install/turtlesim/include/turtlesim/action/detail/rotate_absolute__rosidl_typesupport_fastrtps_cpp.hpp
[9.421s] -- Up-to-date: /home/pedroportela/Linux/ros/install/turtlesim/include/turtlesim/action/detail/dds_fastrtps
[9.421s] -- Up-to-date: /home/pedroportela/Linux/ros/install/turtlesim/lib/libturtlesim__rosidl_typesupport_fastrtps_cpp.so
[9.421s] -- Up-to-date: /home/pedroportela/Linux/ros/install/turtlesim/include/turtlesim
[9.421s] -- Up-to-date: /home/pedroportela/Linux/ros/install/turtlesim/include/turtlesim/srv
[9.421s] -- Up-to-date: /home/pedroportela/Linux/ros/install/turtlesim/include/turtlesim/srv/detail
[9.421s] -- Up-to-date: /home/pedroportela/Linux/ros/install/turtlesim/include/turtlesim/srv/detail/set_pen__type_support.c
[9.421s] -- Up-to-date: /home/pedroportela/Linux/ros/install/turtlesim/include/turtlesim/srv/detail/kill__rosidl_typesupport_introspection_c.h
[9.421s] -- Up-to-date: /home/pedroportela/Linux/ros/install/turtlesim/include/turtlesim/srv/detail/teleport_absolute__rosidl_typesupport_introspection_c.h
[9.422s] -- Up-to-date: /home/pedroportela/Linux/ros/install/turtlesim/include/turtlesim/srv/detail/spawn__type_support.c
[9.422s] -- Up-to-date: /home/pedroportela/Linux/ros/install/turtlesim/include/turtlesim/srv/detail/set_pen__rosidl_typesupport_introspection_c.h
[9.422s] -- Up-to-date: /home/pedroportela/Linux/ros/install/turtlesim/include/turtlesim/srv/detail/teleport_absolute__type_support.c
[9.422s] -- Up-to-date: /home/pedroportela/Linux/ros/install/turtlesim/include/turtlesim/srv/detail/teleport_relative__type_support.c
[9.422s] -- Up-to-date: /home/pedroportela/Linux/ros/install/turtlesim/include/turtlesim/srv/detail/spawn__rosidl_typesupport_introspection_c.h
[9.422s] -- Up-to-date: /home/pedroportela/Linux/ros/install/turtlesim/include/turtlesim/srv/detail/teleport_relative__rosidl_typesupport_introspection_c.h
[9.422s] -- Up-to-date: /home/pedroportela/Linux/ros/install/turtlesim/include/turtlesim/srv/detail/kill__type_support.c
[9.422s] -- Up-to-date: /home/pedroportela/Linux/ros/install/turtlesim/include/turtlesim/msg
[9.422s] -- Up-to-date: /home/pedroportela/Linux/ros/install/turtlesim/include/turtlesim/msg/rosidl_typesupport_introspection_c__visibility_control.h
[9.422s] -- Up-to-date: /home/pedroportela/Linux/ros/install/turtlesim/include/turtlesim/msg/detail
[9.422s] -- Up-to-date: /home/pedroportela/Linux/ros/install/turtlesim/include/turtlesim/msg/detail/color__type_support.c
[9.422s] -- Up-to-date: /home/pedroportela/Linux/ros/install/turtlesim/include/turtlesim/msg/detail/pose__rosidl_typesupport_introspection_c.h
[9.422s] -- Up-to-date: /home/pedroportela/Linux/ros/install/turtlesim/include/turtlesim/msg/detail/color__rosidl_typesupport_introspection_c.h
[9.422s] -- Up-to-date: /home/pedroportela/Linux/ros/install/turtlesim/include/turtlesim/msg/detail/pose__type_support.c
[9.422s] -- Up-to-date: /home/pedroportela/Linux/ros/install/turtlesim/include/turtlesim/action
[9.422s] -- Up-to-date: /home/pedroportela/Linux/ros/install/turtlesim/include/turtlesim/action/detail
[9.422s] -- Up-to-date: /home/pedroportela/Linux/ros/install/turtlesim/include/turtlesim/action/detail/rotate_absolute__type_support.c
[9.422s] -- Up-to-date: /home/pedroportela/Linux/ros/install/turtlesim/include/turtlesim/action/detail/rotate_absolute__rosidl_typesupport_introspection_c.h
[9.423s] -- Up-to-date: /home/pedroportela/Linux/ros/install/turtlesim/lib/libturtlesim__rosidl_typesupport_introspection_c.so
[9.423s] -- Up-to-date: /home/pedroportela/Linux/ros/install/turtlesim/lib/libturtlesim__rosidl_typesupport_c.so
[9.423s] -- Up-to-date: /home/pedroportela/Linux/ros/install/turtlesim/include/turtlesim
[9.423s] -- Up-to-date: /home/pedroportela/Linux/ros/install/turtlesim/include/turtlesim/srv
[9.423s] -- Up-to-date: /home/pedroportela/Linux/ros/install/turtlesim/include/turtlesim/srv/teleport_relative.hpp
[9.423s] -- Up-to-date: /home/pedroportela/Linux/ros/install/turtlesim/include/turtlesim/srv/set_pen.hpp
[9.423s] -- Up-to-date: /home/pedroportela/Linux/ros/install/turtlesim/include/turtlesim/srv/teleport_absolute.hpp
[9.423s] -- Up-to-date: /home/pedroportela/Linux/ros/install/turtlesim/include/turtlesim/srv/spawn.hpp
[9.423s] -- Up-to-date: /home/pedroportela/Linux/ros/install/turtlesim/include/turtlesim/srv/kill.hpp
[9.423s] -- Up-to-date: /home/pedroportela/Linux/ros/install/turtlesim/include/turtlesim/srv/detail
[9.423s] -- Up-to-date: /home/pedroportela/Linux/ros/install/turtlesim/include/turtlesim/srv/detail/spawn__traits.hpp
[9.423s] -- Up-to-date: /home/pedroportela/Linux/ros/install/turtlesim/include/turtlesim/srv/detail/spawn__builder.hpp
[9.423s] -- Up-to-date: /home/pedroportela/Linux/ros/install/turtlesim/include/turtlesim/srv/detail/teleport_relative__struct.hpp
[9.424s] -- Up-to-date: /home/pedroportela/Linux/ros/install/turtlesim/include/turtlesim/srv/detail/kill__struct.hpp
[9.424s] -- Up-to-date: /home/pedroportela/Linux/ros/install/turtlesim/include/turtlesim/srv/detail/teleport_absolute__builder.hpp
[9.424s] -- Up-to-date: /home/pedroportela/Linux/ros/install/turtlesim/include/turtlesim/srv/detail/teleport_absolute__traits.hpp
[9.424s] -- Up-to-date: /home/pedroportela/Linux/ros/install/turtlesim/include/turtlesim/srv/detail/set_pen__struct.hpp
[9.425s] -- Up-to-date: /home/pedroportela/Linux/ros/install/turtlesim/include/turtlesim/srv/detail/kill__traits.hpp
[9.425s] -- Up-to-date: /home/pedroportela/Linux/ros/install/turtlesim/include/turtlesim/srv/detail/kill__builder.hpp
[9.425s] -- Up-to-date: /home/pedroportela/Linux/ros/install/turtlesim/include/turtlesim/srv/detail/spawn__struct.hpp
[9.425s] -- Up-to-date: /home/pedroportela/Linux/ros/install/turtlesim/include/turtlesim/srv/detail/set_pen__traits.hpp
[9.425s] -- Up-to-date: /home/pedroportela/Linux/ros/install/turtlesim/include/turtlesim/srv/detail/teleport_relative__traits.hpp
[9.425s] -- Up-to-date: /home/pedroportela/Linux/ros/install/turtlesim/include/turtlesim/srv/detail/teleport_relative__builder.hpp
[9.425s] -- Up-to-date: /home/pedroportela/Linux/ros/install/turtlesim/include/turtlesim/srv/detail/teleport_absolute__struct.hpp
[9.425s] -- Up-to-date: /home/pedroportela/Linux/ros/install/turtlesim/include/turtlesim/srv/detail/set_pen__builder.hpp
[9.425s] -- Up-to-date: /home/pedroportela/Linux/ros/install/turtlesim/include/turtlesim/msg
[9.425s] -- Up-to-date: /home/pedroportela/Linux/ros/install/turtlesim/include/turtlesim/msg/pose.hpp
[9.426s] -- Up-to-date: /home/pedroportela/Linux/ros/install/turtlesim/include/turtlesim/msg/detail
[9.426s] -- Up-to-date: /home/pedroportela/Linux/ros/install/turtlesim/include/turtlesim/msg/detail/pose__traits.hpp
[9.426s] -- Up-to-date: /home/pedroportela/Linux/ros/install/turtlesim/include/turtlesim/msg/detail/pose__builder.hpp
[9.426s] -- Up-to-date: /home/pedroportela/Linux/ros/install/turtlesim/include/turtlesim/msg/detail/color__struct.hpp
[9.426s] -- Up-to-date: /home/pedroportela/Linux/ros/install/turtlesim/include/turtlesim/msg/detail/color__traits.hpp
[9.426s] -- Up-to-date: /home/pedroportela/Linux/ros/install/turtlesim/include/turtlesim/msg/detail/pose__struct.hpp
[9.426s] -- Up-to-date: /home/pedroportela/Linux/ros/install/turtlesim/include/turtlesim/msg/detail/color__builder.hpp
[9.426s] -- Up-to-date: /home/pedroportela/Linux/ros/install/turtlesim/include/turtlesim/msg/color.hpp
[9.426s] -- Up-to-date: /home/pedroportela/Linux/ros/install/turtlesim/include/turtlesim/action
[9.426s] -- Up-to-date: /home/pedroportela/Linux/ros/install/turtlesim/include/turtlesim/action/rotate_absolute.hpp
[9.426s] -- Up-to-date: /home/pedroportela/Linux/ros/install/turtlesim/include/turtlesim/action/detail
[9.427s] -- Up-to-date: /home/pedroportela/Linux/ros/install/turtlesim/include/turtlesim/action/detail/rotate_absolute__traits.hpp
[9.427s] -- Up-to-date: /home/pedroportela/Linux/ros/install/turtlesim/include/turtlesim/action/detail/rotate_absolute__struct.hpp
[9.427s] -- Up-to-date: /home/pedroportela/Linux/ros/install/turtlesim/include/turtlesim/action/detail/rotate_absolute__builder.hpp
[9.427s] -- Up-to-date: /home/pedroportela/Linux/ros/install/turtlesim/include/turtlesim
[9.427s] -- Up-to-date: /home/pedroportela/Linux/ros/install/turtlesim/include/turtlesim/srv
[9.427s] -- Up-to-date: /home/pedroportela/Linux/ros/install/turtlesim/include/turtlesim/srv/detail
[9.427s] -- Up-to-date: /home/pedroportela/Linux/ros/install/turtlesim/include/turtlesim/srv/detail/kill__type_support.cpp
[9.427s] -- Up-to-date: /home/pedroportela/Linux/ros/install/turtlesim/include/turtlesim/srv/detail/set_pen__type_support.cpp
[9.427s] -- Up-to-date: /home/pedroportela/Linux/ros/install/turtlesim/include/turtlesim/srv/detail/spawn__type_support.cpp
[9.427s] -- Up-to-date: /home/pedroportela/Linux/ros/install/turtlesim/include/turtlesim/srv/detail/teleport_relative__type_support.cpp
[9.428s] -- Up-to-date: /home/pedroportela/Linux/ros/install/turtlesim/include/turtlesim/srv/detail/teleport_absolute__type_support.cpp
[9.428s] -- Up-to-date: /home/pedroportela/Linux/ros/install/turtlesim/include/turtlesim/srv/detail/teleport_absolute__rosidl_typesupport_introspection_cpp.hpp
[9.428s] -- Up-to-date: /home/pedroportela/Linux/ros/install/turtlesim/include/turtlesim/srv/detail/set_pen__rosidl_typesupport_introspection_cpp.hpp
[9.428s] -- Up-to-date: /home/pedroportela/Linux/ros/install/turtlesim/include/turtlesim/srv/detail/kill__rosidl_typesupport_introspection_cpp.hpp
[9.428s] -- Up-to-date: /home/pedroportela/Linux/ros/install/turtlesim/include/turtlesim/srv/detail/spawn__rosidl_typesupport_introspection_cpp.hpp
[9.428s] -- Up-to-date: /home/pedroportela/Linux/ros/install/turtlesim/include/turtlesim/srv/detail/teleport_relative__rosidl_typesupport_introspection_cpp.hpp
[9.428s] -- Up-to-date: /home/pedroportela/Linux/ros/install/turtlesim/include/turtlesim/msg
[9.428s] -- Up-to-date: /home/pedroportela/Linux/ros/install/turtlesim/include/turtlesim/msg/detail
[9.428s] -- Up-to-date: /home/pedroportela/Linux/ros/install/turtlesim/include/turtlesim/msg/detail/color__rosidl_typesupport_introspection_cpp.hpp
[9.428s] -- Up-to-date: /home/pedroportela/Linux/ros/install/turtlesim/include/turtlesim/msg/detail/pose__rosidl_typesupport_introspection_cpp.hpp
[9.428s] -- Up-to-date: /home/pedroportela/Linux/ros/install/turtlesim/include/turtlesim/msg/detail/color__type_support.cpp
[9.429s] -- Up-to-date: /home/pedroportela/Linux/ros/install/turtlesim/include/turtlesim/msg/detail/pose__type_support.cpp
[9.429s] -- Up-to-date: /home/pedroportela/Linux/ros/install/turtlesim/include/turtlesim/action
[9.429s] -- Up-to-date: /home/pedroportela/Linux/ros/install/turtlesim/include/turtlesim/action/detail
[9.429s] -- Up-to-date: /home/pedroportela/Linux/ros/install/turtlesim/include/turtlesim/action/detail/rotate_absolute__rosidl_typesupport_introspection_cpp.hpp
[9.429s] -- Up-to-date: /home/pedroportela/Linux/ros/install/turtlesim/include/turtlesim/action/detail/rotate_absolute__type_support.cpp
[9.429s] -- Up-to-date: /home/pedroportela/Linux/ros/install/turtlesim/lib/libturtlesim__rosidl_typesupport_introspection_cpp.so
[9.429s] -- Up-to-date: /home/pedroportela/Linux/ros/install/turtlesim/lib/libturtlesim__rosidl_typesupport_cpp.so
[9.429s] -- Up-to-date: /home/pedroportela/Linux/ros/install/turtlesim/share/turtlesim/environment/pythonpath.sh
[9.429s] -- Up-to-date: /home/pedroportela/Linux/ros/install/turtlesim/share/turtlesim/environment/pythonpath.dsv
[9.429s] -- Up-to-date: /home/pedroportela/Linux/ros/install/turtlesim/lib/python3.8/site-packages/turtlesim/__init__.py
[9.456s] -- Up-to-date: /home/pedroportela/Linux/ros/install/turtlesim/lib/python3.8/site-packages/turtlesim/action
[9.457s] -- Up-to-date: /home/pedroportela/Linux/ros/install/turtlesim/lib/python3.8/site-packages/turtlesim/action/_rotate_absolute.py
[9.457s] -- Up-to-date: /home/pedroportela/Linux/ros/install/turtlesim/lib/python3.8/site-packages/turtlesim/action/_rotate_absolute_s.c
[9.457s] -- Up-to-date: /home/pedroportela/Linux/ros/install/turtlesim/lib/python3.8/site-packages/turtlesim/action/__init__.py
[9.457s] -- Up-to-date: /home/pedroportela/Linux/ros/install/turtlesim/lib/python3.8/site-packages/turtlesim/msg
[9.457s] -- Up-to-date: /home/pedroportela/Linux/ros/install/turtlesim/lib/python3.8/site-packages/turtlesim/msg/_pose_s.c
[9.457s] -- Up-to-date: /home/pedroportela/Linux/ros/install/turtlesim/lib/python3.8/site-packages/turtlesim/msg/_color.py
[9.458s] -- Up-to-date: /home/pedroportela/Linux/ros/install/turtlesim/lib/python3.8/site-packages/turtlesim/msg/_pose.py
[9.458s] -- Up-to-date: /home/pedroportela/Linux/ros/install/turtlesim/lib/python3.8/site-packages/turtlesim/msg/_color_s.c
[9.458s] -- Up-to-date: /home/pedroportela/Linux/ros/install/turtlesim/lib/python3.8/site-packages/turtlesim/msg/__init__.py
[9.458s] -- Up-to-date: /home/pedroportela/Linux/ros/install/turtlesim/lib/python3.8/site-packages/turtlesim/srv
[9.459s] -- Up-to-date: /home/pedroportela/Linux/ros/install/turtlesim/lib/python3.8/site-packages/turtlesim/srv/_spawn.py
[9.459s] -- Up-to-date: /home/pedroportela/Linux/ros/install/turtlesim/lib/python3.8/site-packages/turtlesim/srv/_spawn_s.c
[9.459s] -- Up-to-date: /home/pedroportela/Linux/ros/install/turtlesim/lib/python3.8/site-packages/turtlesim/srv/_teleport_absolute_s.c
[9.459s] -- Up-to-date: /home/pedroportela/Linux/ros/install/turtlesim/lib/python3.8/site-packages/turtlesim/srv/_set_pen_s.c
[9.459s] -- Up-to-date: /home/pedroportela/Linux/ros/install/turtlesim/lib/python3.8/site-packages/turtlesim/srv/_teleport_relative.py
[9.460s] -- Up-to-date: /home/pedroportela/Linux/ros/install/turtlesim/lib/python3.8/site-packages/turtlesim/srv/_teleport_relative_s.c
[9.460s] -- Up-to-date: /home/pedroportela/Linux/ros/install/turtlesim/lib/python3.8/site-packages/turtlesim/srv/_kill_s.c
[9.460s] -- Up-to-date: /home/pedroportela/Linux/ros/install/turtlesim/lib/python3.8/site-packages/turtlesim/srv/_kill.py
[9.460s] -- Up-to-date: /home/pedroportela/Linux/ros/install/turtlesim/lib/python3.8/site-packages/turtlesim/srv/_set_pen.py
[9.460s] -- Up-to-date: /home/pedroportela/Linux/ros/install/turtlesim/lib/python3.8/site-packages/turtlesim/srv/_teleport_absolute.py
[9.460s] -- Up-to-date: /home/pedroportela/Linux/ros/install/turtlesim/lib/python3.8/site-packages/turtlesim/srv/__init__.py
[9.461s] -- Up-to-date: /home/pedroportela/Linux/ros/install/turtlesim/lib/python3.8/site-packages/turtlesim/turtlesim_s__rosidl_typesupport_fastrtps_c.cpython-38-x86_64-linux-gnu.so
[9.461s] -- Up-to-date: /home/pedroportela/Linux/ros/install/turtlesim/lib/python3.8/site-packages/turtlesim/turtlesim_s__rosidl_typesupport_introspection_c.cpython-38-x86_64-linux-gnu.so
[9.461s] -- Up-to-date: /home/pedroportela/Linux/ros/install/turtlesim/lib/python3.8/site-packages/turtlesim/turtlesim_s__rosidl_typesupport_c.cpython-38-x86_64-linux-gnu.so
[9.461s] -- Up-to-date: /home/pedroportela/Linux/ros/install/turtlesim/lib/libturtlesim__python.so
[9.462s] -- Up-to-date: /home/pedroportela/Linux/ros/install/turtlesim/share/turtlesim/action/RotateAbsolute.idl
[9.462s] -- Up-to-date: /home/pedroportela/Linux/ros/install/turtlesim/share/turtlesim/msg/Color.idl
[9.462s] -- Up-to-date: /home/pedroportela/Linux/ros/install/turtlesim/share/turtlesim/msg/Pose.idl
[9.462s] -- Up-to-date: /home/pedroportela/Linux/ros/install/turtlesim/share/turtlesim/srv/Kill.idl
[9.462s] -- Up-to-date: /home/pedroportela/Linux/ros/install/turtlesim/share/turtlesim/srv/SetPen.idl
[9.462s] -- Up-to-date: /home/pedroportela/Linux/ros/install/turtlesim/share/turtlesim/srv/Spawn.idl
[9.462s] -- Up-to-date: /home/pedroportela/Linux/ros/install/turtlesim/share/turtlesim/srv/TeleportAbsolute.idl
[9.462s] -- Up-to-date: /home/pedroportela/Linux/ros/install/turtlesim/share/turtlesim/srv/TeleportRelative.idl
[9.462s] -- Up-to-date: /home/pedroportela/Linux/ros/install/turtlesim/share/turtlesim/action/RotateAbsolute.action
[9.462s] -- Up-to-date: /home/pedroportela/Linux/ros/install/turtlesim/share/turtlesim/msg/Color.msg
[9.462s] -- Up-to-date: /home/pedroportela/Linux/ros/install/turtlesim/share/turtlesim/msg/Pose.msg
[9.462s] -- Up-to-date: /home/pedroportela/Linux/ros/install/turtlesim/share/turtlesim/srv/Kill.srv
[9.463s] -- Up-to-date: /home/pedroportela/Linux/ros/install/turtlesim/share/turtlesim/srv/Kill_Request.msg
[9.463s] -- Up-to-date: /home/pedroportela/Linux/ros/install/turtlesim/share/turtlesim/srv/Kill_Response.msg
[9.463s] -- Up-to-date: /home/pedroportela/Linux/ros/install/turtlesim/share/turtlesim/srv/SetPen.srv
[9.463s] -- Up-to-date: /home/pedroportela/Linux/ros/install/turtlesim/share/turtlesim/srv/SetPen_Request.msg
[9.463s] -- Up-to-date: /home/pedroportela/Linux/ros/install/turtlesim/share/turtlesim/srv/SetPen_Response.msg
[9.463s] -- Up-to-date: /home/pedroportela/Linux/ros/install/turtlesim/share/turtlesim/srv/Spawn.srv
[9.463s] -- Up-to-date: /home/pedroportela/Linux/ros/install/turtlesim/share/turtlesim/srv/Spawn_Request.msg
[9.463s] -- Up-to-date: /home/pedroportela/Linux/ros/install/turtlesim/share/turtlesim/srv/Spawn_Response.msg
[9.463s] -- Up-to-date: /home/pedroportela/Linux/ros/install/turtlesim/share/turtlesim/srv/TeleportAbsolute.srv
[9.463s] -- Up-to-date: /home/pedroportela/Linux/ros/install/turtlesim/share/turtlesim/srv/TeleportAbsolute_Request.msg
[9.463s] -- Up-to-date: /home/pedroportela/Linux/ros/install/turtlesim/share/turtlesim/srv/TeleportAbsolute_Response.msg
[9.463s] -- Up-to-date: /home/pedroportela/Linux/ros/install/turtlesim/share/turtlesim/srv/TeleportRelative.srv
[9.463s] -- Up-to-date: /home/pedroportela/Linux/ros/install/turtlesim/share/turtlesim/srv/TeleportRelative_Request.msg
[9.463s] -- Up-to-date: /home/pedroportela/Linux/ros/install/turtlesim/share/turtlesim/srv/TeleportRelative_Response.msg
[9.463s] -- Installing: /home/pedroportela/Linux/ros/install/turtlesim/lib/turtlesim/turtlesim_node
[9.477s] -- Set runtime path of "/home/pedroportela/Linux/ros/install/turtlesim/lib/turtlesim/turtlesim_node" to ""
[9.477s] -- Up-to-date: /home/pedroportela/Linux/ros/install/turtlesim/lib/turtlesim/turtle_teleop_key
[9.478s] -- Up-to-date: /home/pedroportela/Linux/ros/install/turtlesim/lib/turtlesim/draw_square
[9.478s] -- Up-to-date: /home/pedroportela/Linux/ros/install/turtlesim/lib/turtlesim/mimic
[9.478s] -- Up-to-date: /home/pedroportela/Linux/ros/install/turtlesim/share/turtlesim/images
[9.479s] -- Up-to-date: /home/pedroportela/Linux/ros/install/turtlesim/share/turtlesim/images/bouncy.png
[9.479s] -- Up-to-date: /home/pedroportela/Linux/ros/install/turtlesim/share/turtlesim/images/dashing.png
[9.479s] -- Up-to-date: /home/pedroportela/Linux/ros/install/turtlesim/share/turtlesim/images/ardent.png
[9.480s] -- Up-to-date: /home/pedroportela/Linux/ros/install/turtlesim/share/turtlesim/images/foxy.png
[9.480s] -- Up-to-date: /home/pedroportela/Linux/ros/install/turtlesim/share/turtlesim/images/crystal.png
[9.480s] -- Up-to-date: /home/pedroportela/Linux/ros/install/turtlesim/share/turtlesim/images/eloquent.png
[9.480s] -- Up-to-date: /home/pedroportela/Linux/ros/install/turtlesim/share/turtlesim/launch
[9.480s] -- Up-to-date: /home/pedroportela/Linux/ros/install/turtlesim/share/turtlesim/launch/multisim.launch.py
[9.481s] -- Up-to-date: /home/pedroportela/Linux/ros/install/turtlesim/share/ament_index/resource_index/package_run_dependencies/turtlesim
[9.481s] -- Up-to-date: /home/pedroportela/Linux/ros/install/turtlesim/share/ament_index/resource_index/parent_prefix_path/turtlesim
[9.481s] -- Up-to-date: /home/pedroportela/Linux/ros/install/turtlesim/share/turtlesim/environment/ament_prefix_path.sh
[9.481s] -- Up-to-date: /home/pedroportela/Linux/ros/install/turtlesim/share/turtlesim/environment/ament_prefix_path.dsv
[9.481s] -- Up-to-date: /home/pedroportela/Linux/ros/install/turtlesim/share/turtlesim/environment/path.sh
[9.481s] -- Up-to-date: /home/pedroportela/Linux/ros/install/turtlesim/share/turtlesim/environment/path.dsv
[9.482s] -- Up-to-date: /home/pedroportela/Linux/ros/install/turtlesim/share/turtlesim/local_setup.bash
[9.482s] -- Up-to-date: /home/pedroportela/Linux/ros/install/turtlesim/share/turtlesim/local_setup.sh
[9.482s] -- Up-to-date: /home/pedroportela/Linux/ros/install/turtlesim/share/turtlesim/local_setup.zsh
[9.482s] -- Up-to-date: /home/pedroportela/Linux/ros/install/turtlesim/share/turtlesim/local_setup.dsv
[9.483s] -- Installing: /home/pedroportela/Linux/ros/install/turtlesim/share/turtlesim/package.dsv
[9.483s] -- Up-to-date: /home/pedroportela/Linux/ros/install/turtlesim/share/ament_index/resource_index/packages/turtlesim
[9.483s] -- Up-to-date: /home/pedroportela/Linux/ros/install/turtlesim/share/turtlesim/cmake/turtlesim__rosidl_generator_cExport.cmake
[9.483s] -- Up-to-date: /home/pedroportela/Linux/ros/install/turtlesim/share/turtlesim/cmake/turtlesim__rosidl_generator_cExport-noconfig.cmake
[9.483s] -- Up-to-date: /home/pedroportela/Linux/ros/install/turtlesim/share/turtlesim/cmake/turtlesim__rosidl_typesupport_introspection_cExport.cmake
[9.483s] -- Up-to-date: /home/pedroportela/Linux/ros/install/turtlesim/share/turtlesim/cmake/turtlesim__rosidl_typesupport_introspection_cExport-noconfig.cmake
[9.483s] -- Up-to-date: /home/pedroportela/Linux/ros/install/turtlesim/share/turtlesim/cmake/turtlesim__rosidl_typesupport_cExport.cmake
[9.484s] -- Up-to-date: /home/pedroportela/Linux/ros/install/turtlesim/share/turtlesim/cmake/turtlesim__rosidl_typesupport_cExport-noconfig.cmake
[9.484s] -- Up-to-date: /home/pedroportela/Linux/ros/install/turtlesim/share/turtlesim/cmake/turtlesim__rosidl_generator_cppExport.cmake
[9.484s] -- Up-to-date: /home/pedroportela/Linux/ros/install/turtlesim/share/turtlesim/cmake/turtlesim__rosidl_typesupport_introspection_cppExport.cmake
[9.484s] -- Up-to-date: /home/pedroportela/Linux/ros/install/turtlesim/share/turtlesim/cmake/turtlesim__rosidl_typesupport_introspection_cppExport-noconfig.cmake
[9.484s] -- Up-to-date: /home/pedroportela/Linux/ros/install/turtlesim/share/turtlesim/cmake/turtlesim__rosidl_typesupport_cppExport.cmake
[9.485s] -- Up-to-date: /home/pedroportela/Linux/ros/install/turtlesim/share/turtlesim/cmake/turtlesim__rosidl_typesupport_cppExport-noconfig.cmake
[9.485s] -- Up-to-date: /home/pedroportela/Linux/ros/install/turtlesim/share/turtlesim/cmake/rosidl_cmake-extras.cmake
[9.485s] -- Up-to-date: /home/pedroportela/Linux/ros/install/turtlesim/share/turtlesim/cmake/ament_cmake_export_dependencies-extras.cmake
[9.485s] -- Up-to-date: /home/pedroportela/Linux/ros/install/turtlesim/share/turtlesim/cmake/ament_cmake_export_libraries-extras.cmake
[9.486s] -- Up-to-date: /home/pedroportela/Linux/ros/install/turtlesim/share/turtlesim/cmake/ament_cmake_export_targets-extras.cmake
[9.486s] -- Up-to-date: /home/pedroportela/Linux/ros/install/turtlesim/share/turtlesim/cmake/ament_cmake_export_include_directories-extras.cmake
[9.486s] -- Up-to-date: /home/pedroportela/Linux/ros/install/turtlesim/share/turtlesim/cmake/rosidl_cmake_export_typesupport_libraries-extras.cmake
[9.486s] -- Up-to-date: /home/pedroportela/Linux/ros/install/turtlesim/share/turtlesim/cmake/rosidl_cmake_export_typesupport_targets-extras.cmake
[9.486s] -- Up-to-date: /home/pedroportela/Linux/ros/install/turtlesim/share/turtlesim/cmake/turtlesimConfig.cmake
[9.486s] -- Up-to-date: /home/pedroportela/Linux/ros/install/turtlesim/share/turtlesim/cmake/turtlesimConfig-version.cmake
[9.487s] -- Up-to-date: /home/pedroportela/Linux/ros/install/turtlesim/share/turtlesim/package.xml
[9.487s] Invoked command in '/home/pedroportela/Linux/ros/build/turtlesim' returned '0': CMAKE_PREFIX_PATH=/opt/ros/foxy /usr/bin/cmake --install /home/pedroportela/Linux/ros/build/turtlesim
