[0.704s] Invoking command in '/home/pedroportela/Linux/ros/scr/py_pubsub': PYTHONPATH=/home/pedroportela/Linux/ros/install/py_pubsub/lib/python3.8/site-packages:${PYTHONPATH} /usr/bin/python3 setup.py egg_info --egg-base ../../build/py_pubsub build --build-base /home/pedroportela/Linux/ros/build/py_pubsub/build install --prefix /home/pedroportela/Linux/ros/install/py_pubsub --record /home/pedroportela/Linux/ros/build/py_pubsub/install.log --single-version-externally-managed
[0.922s] running egg_info
[0.923s] writing ../../build/py_pubsub/py_pubsub.egg-info/PKG-INFO
[0.923s] writing dependency_links to ../../build/py_pubsub/py_pubsub.egg-info/dependency_links.txt
[0.923s] writing entry points to ../../build/py_pubsub/py_pubsub.egg-info/entry_points.txt
[0.923s] writing requirements to ../../build/py_pubsub/py_pubsub.egg-info/requires.txt
[0.923s] writing top-level names to ../../build/py_pubsub/py_pubsub.egg-info/top_level.txt
[0.959s] reading manifest file '../../build/py_pubsub/py_pubsub.egg-info/SOURCES.txt'
[0.960s] writing manifest file '../../build/py_pubsub/py_pubsub.egg-info/SOURCES.txt'
[0.960s] running build
[0.960s] running build_py
[0.960s] running install
[0.961s] running install_lib
[0.962s] running install_data
[0.963s] running install_egg_info
[0.965s] removing '/home/pedroportela/Linux/ros/install/py_pubsub/lib/python3.8/site-packages/py_pubsub-0.0.0-py3.8.egg-info' (and everything under it)
[0.965s] Copying ../../build/py_pubsub/py_pubsub.egg-info to /home/pedroportela/Linux/ros/install/py_pubsub/lib/python3.8/site-packages/py_pubsub-0.0.0-py3.8.egg-info
[0.966s] running install_scripts
[0.984s] Installing listener script to /home/pedroportela/Linux/ros/install/py_pubsub/lib/py_pubsub
[0.984s] Installing talker script to /home/pedroportela/Linux/ros/install/py_pubsub/lib/py_pubsub
[0.984s] writing list of installed files to '/home/pedroportela/Linux/ros/build/py_pubsub/install.log'
[1.007s] Invoked command in '/home/pedroportela/Linux/ros/scr/py_pubsub' returned '0': PYTHONPATH=/home/pedroportela/Linux/ros/install/py_pubsub/lib/python3.8/site-packages:${PYTHONPATH} /usr/bin/python3 setup.py egg_info --egg-base ../../build/py_pubsub build --build-base /home/pedroportela/Linux/ros/build/py_pubsub/build install --prefix /home/pedroportela/Linux/ros/install/py_pubsub --record /home/pedroportela/Linux/ros/build/py_pubsub/install.log --single-version-externally-managed
